{"/data_drive/ai/where-does-our-money-go/src/components/Header.tsx": {"path":"/data_drive/ai/where-does-our-money-go/src/components/Header.tsx","all":false,"statementMap":{"0":{"start":{"line":1,"column":0},"end":{"line":1,"column":40}},"1":{"start":{"line":2,"column":0},"end":{"line":2,"column":53}},"2":{"start":{"line":3,"column":0},"end":{"line":3,"column":75}},"3":{"start":{"line":4,"column":0},"end":{"line":4,"column":0}},"4":{"start":{"line":5,"column":0},"end":{"line":5,"column":32}},"5":{"start":{"line":6,"column":0},"end":{"line":6,"column":54}},"6":{"start":{"line":7,"column":0},"end":{"line":7,"column":33}},"7":{"start":{"line":8,"column":0},"end":{"line":8,"column":0}},"8":{"start":{"line":9,"column":0},"end":{"line":9,"column":22}},"9":{"start":{"line":10,"column":0},"end":{"line":10,"column":45}},"10":{"start":{"line":11,"column":0},"end":{"line":11,"column":69}},"11":{"start":{"line":12,"column":0},"end":{"line":12,"column":71}},"12":{"start":{"line":13,"column":0},"end":{"line":13,"column":50}},"13":{"start":{"line":14,"column":0},"end":{"line":14,"column":4}},"14":{"start":{"line":15,"column":0},"end":{"line":15,"column":0}},"15":{"start":{"line":16,"column":0},"end":{"line":16,"column":64}},"16":{"start":{"line":17,"column":0},"end":{"line":17,"column":0}},"17":{"start":{"line":18,"column":0},"end":{"line":18,"column":10}},"18":{"start":{"line":19,"column":0},"end":{"line":19,"column":73}},"19":{"start":{"line":20,"column":0},"end":{"line":20,"column":62}},"20":{"start":{"line":21,"column":0},"end":{"line":21,"column":64}},"21":{"start":{"line":22,"column":0},"end":{"line":22,"column":22}},"22":{"start":{"line":23,"column":0},"end":{"line":23,"column":45}},"23":{"start":{"line":24,"column":0},"end":{"line":24,"column":65}},"24":{"start":{"line":25,"column":0},"end":{"line":25,"column":98}},"25":{"start":{"line":26,"column":0},"end":{"line":26,"column":56}},"26":{"start":{"line":27,"column":0},"end":{"line":27,"column":20}},"27":{"start":{"line":28,"column":0},"end":{"line":28,"column":69}},"28":{"start":{"line":29,"column":0},"end":{"line":29,"column":40}},"29":{"start":{"line":30,"column":0},"end":{"line":30,"column":21}},"30":{"start":{"line":31,"column":0},"end":{"line":31,"column":19}},"31":{"start":{"line":32,"column":0},"end":{"line":32,"column":16}},"32":{"start":{"line":33,"column":0},"end":{"line":33,"column":0}},"33":{"start":{"line":34,"column":0},"end":{"line":34,"column":36}},"34":{"start":{"line":35,"column":0},"end":{"line":35,"column":52}},"35":{"start":{"line":36,"column":0},"end":{"line":36,"column":39}},"36":{"start":{"line":37,"column":0},"end":{"line":37,"column":37}},"37":{"start":{"line":38,"column":0},"end":{"line":38,"column":22}},"38":{"start":{"line":39,"column":0},"end":{"line":39,"column":21}},"39":{"start":{"line":40,"column":0},"end":{"line":40,"column":33}},"40":{"start":{"line":41,"column":0},"end":{"line":41,"column":32}},"41":{"start":{"line":42,"column":0},"end":{"line":42,"column":132}},"42":{"start":{"line":43,"column":0},"end":{"line":43,"column":39}},"43":{"start":{"line":44,"column":0},"end":{"line":44,"column":56}},"44":{"start":{"line":45,"column":0},"end":{"line":45,"column":91}},"45":{"start":{"line":46,"column":0},"end":{"line":46,"column":21}},"46":{"start":{"line":47,"column":0},"end":{"line":47,"column":17}},"47":{"start":{"line":48,"column":0},"end":{"line":48,"column":46}},"48":{"start":{"line":49,"column":0},"end":{"line":49,"column":42}},"49":{"start":{"line":50,"column":0},"end":{"line":50,"column":23}},"50":{"start":{"line":51,"column":0},"end":{"line":51,"column":16}},"51":{"start":{"line":52,"column":0},"end":{"line":52,"column":15}},"52":{"start":{"line":53,"column":0},"end":{"line":53,"column":16}},"53":{"start":{"line":54,"column":0},"end":{"line":54,"column":0}},"54":{"start":{"line":55,"column":0},"end":{"line":55,"column":36}},"55":{"start":{"line":56,"column":0},"end":{"line":56,"column":37}},"56":{"start":{"line":57,"column":0},"end":{"line":57,"column":19}},"57":{"start":{"line":58,"column":0},"end":{"line":58,"column":56}},"58":{"start":{"line":59,"column":0},"end":{"line":59,"column":219}},"59":{"start":{"line":60,"column":0},"end":{"line":60,"column":13}},"60":{"start":{"line":61,"column":0},"end":{"line":61,"column":61}},"61":{"start":{"line":62,"column":0},"end":{"line":62,"column":29}},"62":{"start":{"line":63,"column":0},"end":{"line":63,"column":47}},"63":{"start":{"line":64,"column":0},"end":{"line":64,"column":19}},"64":{"start":{"line":65,"column":0},"end":{"line":65,"column":50}},"65":{"start":{"line":66,"column":0},"end":{"line":66,"column":16}},"66":{"start":{"line":67,"column":0},"end":{"line":67,"column":21}},"67":{"start":{"line":68,"column":0},"end":{"line":68,"column":16}},"68":{"start":{"line":69,"column":0},"end":{"line":69,"column":14}},"69":{"start":{"line":70,"column":0},"end":{"line":70,"column":0}},"70":{"start":{"line":71,"column":0},"end":{"line":71,"column":33}},"71":{"start":{"line":72,"column":0},"end":{"line":72,"column":24}},"72":{"start":{"line":73,"column":0},"end":{"line":73,"column":37}},"73":{"start":{"line":74,"column":0},"end":{"line":74,"column":101}},"74":{"start":{"line":75,"column":0},"end":{"line":75,"column":41}},"75":{"start":{"line":76,"column":0},"end":{"line":76,"column":39}},"76":{"start":{"line":77,"column":0},"end":{"line":77,"column":24}},"77":{"start":{"line":78,"column":0},"end":{"line":78,"column":23}},"78":{"start":{"line":79,"column":0},"end":{"line":79,"column":35}},"79":{"start":{"line":80,"column":0},"end":{"line":80,"column":34}},"80":{"start":{"line":81,"column":0},"end":{"line":81,"column":136}},"81":{"start":{"line":82,"column":0},"end":{"line":82,"column":41}},"82":{"start":{"line":83,"column":0},"end":{"line":83,"column":58}},"83":{"start":{"line":84,"column":0},"end":{"line":84,"column":93}},"84":{"start":{"line":85,"column":0},"end":{"line":85,"column":23}},"85":{"start":{"line":86,"column":0},"end":{"line":86,"column":56}},"86":{"start":{"line":87,"column":0},"end":{"line":87,"column":19}},"87":{"start":{"line":88,"column":0},"end":{"line":88,"column":48}},"88":{"start":{"line":89,"column":0},"end":{"line":89,"column":44}},"89":{"start":{"line":90,"column":0},"end":{"line":90,"column":25}},"90":{"start":{"line":91,"column":0},"end":{"line":91,"column":18}},"91":{"start":{"line":92,"column":0},"end":{"line":92,"column":17}},"92":{"start":{"line":93,"column":0},"end":{"line":93,"column":18}},"93":{"start":{"line":94,"column":0},"end":{"line":94,"column":16}},"94":{"start":{"line":95,"column":0},"end":{"line":95,"column":10}},"95":{"start":{"line":96,"column":0},"end":{"line":96,"column":12}},"96":{"start":{"line":97,"column":0},"end":{"line":97,"column":13}},"97":{"start":{"line":98,"column":0},"end":{"line":98,"column":4}},"98":{"start":{"line":99,"column":0},"end":{"line":99,"column":2}},"99":{"start":{"line":100,"column":0},"end":{"line":100,"column":0}},"100":{"start":{"line":101,"column":0},"end":{"line":101,"column":22}}},"s":{"0":1,"1":1,"2":1,"3":1,"4":1,"5":4,"6":4,"7":4,"8":4,"9":4,"10":4,"11":4,"12":4,"13":4,"14":4,"15":4,"16":4,"17":4,"18":4,"19":4,"20":4,"21":4,"22":4,"23":4,"24":4,"25":4,"26":4,"27":4,"28":4,"29":4,"30":4,"31":4,"32":4,"33":4,"34":4,"35":4,"36":16,"37":16,"38":16,"39":16,"40":16,"41":16,"42":16,"43":4,"44":12,"45":16,"46":16,"47":16,"48":16,"49":16,"50":16,"51":4,"52":4,"53":4,"54":4,"55":4,"56":4,"57":4,"58":4,"59":4,"60":4,"61":4,"62":0,"63":4,"64":4,"65":4,"66":4,"67":4,"68":4,"69":4,"70":4,"71":4,"72":0,"73":0,"74":0,"75":0,"76":0,"77":0,"78":0,"79":0,"80":0,"81":0,"82":0,"83":0,"84":0,"85":0,"86":0,"87":0,"88":0,"89":0,"90":0,"91":0,"92":0,"93":0,"94":4,"95":4,"96":4,"97":4,"98":4,"99":1,"100":1},"branchMap":{"0":{"type":"branch","line":5,"loc":{"start":{"line":5,"column":25},"end":{"line":99,"column":2}},"locations":[{"start":{"line":5,"column":25},"end":{"line":99,"column":2}}]},"1":{"type":"branch","line":62,"loc":{"start":{"line":62,"column":15},"end":{"line":63,"column":47}},"locations":[{"start":{"line":62,"column":15},"end":{"line":63,"column":47}}]},"2":{"type":"branch","line":72,"loc":{"start":{"line":72,"column":9},"end":{"line":94,"column":16}},"locations":[{"start":{"line":72,"column":9},"end":{"line":94,"column":16}}]},"3":{"type":"branch","line":16,"loc":{"start":{"line":16,"column":19},"end":{"line":16,"column":64}},"locations":[{"start":{"line":16,"column":19},"end":{"line":16,"column":64}}]},"4":{"type":"branch","line":36,"loc":{"start":{"line":36,"column":28},"end":{"line":52,"column":13}},"locations":[{"start":{"line":36,"column":28},"end":{"line":52,"column":13}}]},"5":{"type":"branch","line":43,"loc":{"start":{"line":43,"column":38},"end":{"line":44,"column":56}},"locations":[{"start":{"line":43,"column":38},"end":{"line":44,"column":56}}]},"6":{"type":"branch","line":44,"loc":{"start":{"line":44,"column":24},"end":{"line":45,"column":91}},"locations":[{"start":{"line":44,"column":24},"end":{"line":45,"column":91}}]}},"b":{"0":[4],"1":[0],"2":[0],"3":[16],"4":[16],"5":[4],"6":[12]},"fnMap":{"0":{"name":"Header","decl":{"start":{"line":5,"column":25},"end":{"line":99,"column":2}},"loc":{"start":{"line":5,"column":25},"end":{"line":99,"column":2}},"line":5},"1":{"name":"isActive","decl":{"start":{"line":16,"column":19},"end":{"line":16,"column":64}},"loc":{"start":{"line":16,"column":19},"end":{"line":16,"column":64}},"line":16},"2":{"name":"onClick","decl":{"start":{"line":58,"column":23},"end":{"line":58,"column":56}},"loc":{"start":{"line":58,"column":23},"end":{"line":58,"column":56}},"line":58}},"f":{"0":4,"1":16,"2":0}}
,"/data_drive/ai/where-does-our-money-go/src/context/DataContext.tsx": {"path":"/data_drive/ai/where-does-our-money-go/src/context/DataContext.tsx","all":false,"statementMap":{"0":{"start":{"line":1,"column":0},"end":{"line":1,"column":77}},"1":{"start":{"line":2,"column":0},"end":{"line":2,"column":74}},"2":{"start":{"line":3,"column":0},"end":{"line":3,"column":99}},"3":{"start":{"line":4,"column":0},"end":{"line":4,"column":58}},"4":{"start":{"line":5,"column":0},"end":{"line":5,"column":0}},"5":{"start":{"line":6,"column":0},"end":{"line":6,"column":34}},"6":{"start":{"line":7,"column":0},"end":{"line":7,"column":23}},"7":{"start":{"line":8,"column":0},"end":{"line":8,"column":21}},"8":{"start":{"line":9,"column":0},"end":{"line":9,"column":31}},"9":{"start":{"line":10,"column":0},"end":{"line":10,"column":35}},"10":{"start":{"line":11,"column":0},"end":{"line":11,"column":19}},"11":{"start":{"line":12,"column":0},"end":{"line":12,"column":23}},"12":{"start":{"line":13,"column":0},"end":{"line":13,"column":30}},"13":{"start":{"line":14,"column":0},"end":{"line":14,"column":26}},"14":{"start":{"line":15,"column":0},"end":{"line":15,"column":54}},"15":{"start":{"line":16,"column":0},"end":{"line":16,"column":46}},"16":{"start":{"line":17,"column":0},"end":{"line":17,"column":35}},"17":{"start":{"line":18,"column":0},"end":{"line":18,"column":1}},"18":{"start":{"line":19,"column":0},"end":{"line":19,"column":0}},"19":{"start":{"line":20,"column":0},"end":{"line":20,"column":74}},"20":{"start":{"line":21,"column":0},"end":{"line":21,"column":0}},"21":{"start":{"line":22,"column":0},"end":{"line":22,"column":23}},"22":{"start":{"line":23,"column":0},"end":{"line":23,"column":0}},"23":{"start":{"line":24,"column":0},"end":{"line":24,"column":29}},"24":{"start":{"line":25,"column":0},"end":{"line":25,"column":22}},"25":{"start":{"line":26,"column":0},"end":{"line":26,"column":1}},"26":{"start":{"line":27,"column":0},"end":{"line":27,"column":0}},"27":{"start":{"line":28,"column":0},"end":{"line":28,"column":76}},"28":{"start":{"line":29,"column":0},"end":{"line":29,"column":60}},"29":{"start":{"line":30,"column":0},"end":{"line":30,"column":56}},"30":{"start":{"line":31,"column":0},"end":{"line":31,"column":71}},"31":{"start":{"line":32,"column":0},"end":{"line":32,"column":77}},"32":{"start":{"line":33,"column":0},"end":{"line":33,"column":47}},"33":{"start":{"line":34,"column":0},"end":{"line":34,"column":58}},"34":{"start":{"line":35,"column":0},"end":{"line":35,"column":94}},"35":{"start":{"line":36,"column":0},"end":{"line":36,"column":83}},"36":{"start":{"line":37,"column":0},"end":{"line":37,"column":0}},"37":{"start":{"line":38,"column":0},"end":{"line":38,"column":35}},"38":{"start":{"line":39,"column":0},"end":{"line":39,"column":9}},"39":{"start":{"line":40,"column":0},"end":{"line":40,"column":23}},"40":{"start":{"line":41,"column":0},"end":{"line":41,"column":21}},"41":{"start":{"line":42,"column":0},"end":{"line":42,"column":0}},"42":{"start":{"line":43,"column":0},"end":{"line":43,"column":106}},"43":{"start":{"line":44,"column":0},"end":{"line":44,"column":25}},"44":{"start":{"line":45,"column":0},"end":{"line":45,"column":23}},"45":{"start":{"line":46,"column":0},"end":{"line":46,"column":28}},"46":{"start":{"line":47,"column":0},"end":{"line":47,"column":30}},"47":{"start":{"line":48,"column":0},"end":{"line":48,"column":9}},"48":{"start":{"line":49,"column":0},"end":{"line":49,"column":0}},"49":{"start":{"line":50,"column":0},"end":{"line":50,"column":40}},"50":{"start":{"line":51,"column":0},"end":{"line":51,"column":91}},"51":{"start":{"line":52,"column":0},"end":{"line":52,"column":6}},"52":{"start":{"line":53,"column":0},"end":{"line":53,"column":32}},"53":{"start":{"line":54,"column":0},"end":{"line":54,"column":68}},"54":{"start":{"line":55,"column":0},"end":{"line":55,"column":76}},"55":{"start":{"line":56,"column":0},"end":{"line":56,"column":15}},"56":{"start":{"line":57,"column":0},"end":{"line":57,"column":7}},"57":{"start":{"line":58,"column":0},"end":{"line":58,"column":0}},"58":{"start":{"line":59,"column":0},"end":{"line":59,"column":43}},"59":{"start":{"line":60,"column":0},"end":{"line":60,"column":71}},"60":{"start":{"line":61,"column":0},"end":{"line":61,"column":7}},"61":{"start":{"line":62,"column":0},"end":{"line":62,"column":0}},"62":{"start":{"line":63,"column":0},"end":{"line":63,"column":34}},"63":{"start":{"line":64,"column":0},"end":{"line":64,"column":32}},"64":{"start":{"line":65,"column":0},"end":{"line":65,"column":42}},"65":{"start":{"line":66,"column":0},"end":{"line":66,"column":46}},"66":{"start":{"line":67,"column":0},"end":{"line":67,"column":19}},"67":{"start":{"line":68,"column":0},"end":{"line":68,"column":75}},"68":{"start":{"line":69,"column":0},"end":{"line":69,"column":15}},"69":{"start":{"line":70,"column":0},"end":{"line":70,"column":24}},"70":{"start":{"line":71,"column":0},"end":{"line":71,"column":5}},"71":{"start":{"line":72,"column":0},"end":{"line":72,"column":4}},"72":{"start":{"line":73,"column":0},"end":{"line":73,"column":0}},"73":{"start":{"line":74,"column":0},"end":{"line":74,"column":19}},"74":{"start":{"line":75,"column":0},"end":{"line":75,"column":34}},"75":{"start":{"line":76,"column":0},"end":{"line":76,"column":26}},"76":{"start":{"line":77,"column":0},"end":{"line":77,"column":6}},"77":{"start":{"line":78,"column":0},"end":{"line":78,"column":4}},"78":{"start":{"line":79,"column":0},"end":{"line":79,"column":31}},"79":{"start":{"line":80,"column":0},"end":{"line":80,"column":75}},"80":{"start":{"line":81,"column":0},"end":{"line":81,"column":24}},"81":{"start":{"line":82,"column":0},"end":{"line":82,"column":7}},"82":{"start":{"line":83,"column":0},"end":{"line":83,"column":9}},"83":{"start":{"line":84,"column":0},"end":{"line":84,"column":0}},"84":{"start":{"line":85,"column":0},"end":{"line":85,"column":34}},"85":{"start":{"line":86,"column":0},"end":{"line":86,"column":14}},"86":{"start":{"line":87,"column":0},"end":{"line":87,"column":12}},"87":{"start":{"line":88,"column":0},"end":{"line":88,"column":17}},"88":{"start":{"line":89,"column":0},"end":{"line":89,"column":19}},"89":{"start":{"line":90,"column":0},"end":{"line":90,"column":12}},"90":{"start":{"line":91,"column":0},"end":{"line":91,"column":10}},"91":{"start":{"line":92,"column":0},"end":{"line":92,"column":22}},"92":{"start":{"line":93,"column":0},"end":{"line":93,"column":18}},"93":{"start":{"line":94,"column":0},"end":{"line":94,"column":25}},"94":{"start":{"line":95,"column":0},"end":{"line":95,"column":21}},"95":{"start":{"line":96,"column":0},"end":{"line":96,"column":16}},"96":{"start":{"line":97,"column":0},"end":{"line":97,"column":4}},"97":{"start":{"line":98,"column":0},"end":{"line":98,"column":0}},"98":{"start":{"line":99,"column":0},"end":{"line":99,"column":79}},"99":{"start":{"line":100,"column":0},"end":{"line":100,"column":2}}},"s":{"0":1,"1":1,"2":1,"3":1,"4":1,"5":1,"6":1,"7":1,"8":1,"9":1,"10":1,"11":1,"12":1,"13":1,"14":1,"15":1,"16":1,"17":1,"18":1,"19":1,"20":1,"21":1,"22":1,"23":1,"24":1,"25":1,"26":1,"27":1,"28":16,"29":16,"30":16,"31":16,"32":16,"33":16,"34":16,"35":16,"36":16,"37":16,"38":7,"39":7,"40":7,"41":7,"42":7,"43":7,"44":7,"45":7,"46":7,"47":7,"48":6,"49":6,"50":6,"51":6,"52":7,"53":1,"54":1,"55":1,"56":1,"57":5,"58":7,"59":0,"60":0,"61":5,"62":5,"63":5,"64":5,"65":5,"66":7,"67":1,"68":7,"69":7,"70":7,"71":7,"72":16,"73":16,"74":7,"75":7,"76":7,"77":7,"78":7,"79":0,"80":0,"81":7,"82":16,"83":16,"84":16,"85":16,"86":16,"87":16,"88":16,"89":16,"90":16,"91":16,"92":16,"93":16,"94":16,"95":16,"96":16,"97":16,"98":16,"99":16},"branchMap":{"0":{"type":"branch","line":28,"loc":{"start":{"line":28,"column":57},"end":{"line":100,"column":2}},"locations":[{"start":{"line":28,"column":57},"end":{"line":100,"column":2}}]},"1":{"type":"branch","line":38,"loc":{"start":{"line":38,"column":22},"end":{"line":72,"column":4}},"locations":[{"start":{"line":38,"column":22},"end":{"line":72,"column":4}}]},"2":{"type":"branch","line":48,"loc":{"start":{"line":48,"column":7},"end":{"line":53,"column":31}},"locations":[{"start":{"line":48,"column":7},"end":{"line":53,"column":31}}]},"3":{"type":"branch","line":53,"loc":{"start":{"line":53,"column":31},"end":{"line":57,"column":7}},"locations":[{"start":{"line":53,"column":31},"end":{"line":57,"column":7}}]},"4":{"type":"branch","line":57,"loc":{"start":{"line":57,"column":6},"end":{"line":59,"column":42}},"locations":[{"start":{"line":57,"column":6},"end":{"line":59,"column":42}}]},"5":{"type":"branch","line":59,"loc":{"start":{"line":59,"column":42},"end":{"line":61,"column":7}},"locations":[{"start":{"line":59,"column":42},"end":{"line":61,"column":7}}]},"6":{"type":"branch","line":61,"loc":{"start":{"line":61,"column":6},"end":{"line":67,"column":13}},"locations":[{"start":{"line":61,"column":6},"end":{"line":67,"column":13}}]},"7":{"type":"branch","line":67,"loc":{"start":{"line":67,"column":4},"end":{"line":69,"column":6}},"locations":[{"start":{"line":67,"column":4},"end":{"line":69,"column":6}}]},"8":{"type":"branch","line":68,"loc":{"start":{"line":68,"column":42},"end":{"line":68,"column":73}},"locations":[{"start":{"line":68,"column":42},"end":{"line":68,"column":73}}]},"9":{"type":"branch","line":69,"loc":{"start":{"line":69,"column":4},"end":{"line":69,"column":6}},"locations":[{"start":{"line":69,"column":4},"end":{"line":69,"column":6}}]},"10":{"type":"branch","line":74,"loc":{"start":{"line":74,"column":12},"end":{"line":83,"column":5}},"locations":[{"start":{"line":74,"column":12},"end":{"line":83,"column":5}}]},"11":{"type":"branch","line":75,"loc":{"start":{"line":75,"column":21},"end":{"line":77,"column":6}},"locations":[{"start":{"line":75,"column":21},"end":{"line":77,"column":6}}]}},"b":{"0":[16],"1":[7],"2":[6],"3":[1],"4":[5],"5":[0],"6":[5],"7":[1],"8":[0],"9":[6],"10":[7],"11":[7]},"fnMap":{"0":{"name":"DataProvider","decl":{"start":{"line":28,"column":57},"end":{"line":100,"column":2}},"loc":{"start":{"line":28,"column":57},"end":{"line":100,"column":2}},"line":28},"1":{"name":"refreshData","decl":{"start":{"line":38,"column":22},"end":{"line":72,"column":4}},"loc":{"start":{"line":38,"column":22},"end":{"line":72,"column":4}},"line":38},"2":{"name":"loadData","decl":{"start":{"line":75,"column":21},"end":{"line":77,"column":6}},"loc":{"start":{"line":75,"column":21},"end":{"line":77,"column":6}},"line":75}},"f":{"0":16,"1":7,"2":7}}
,"/data_drive/ai/where-does-our-money-go/src/data/api.ts": {"path":"/data_drive/ai/where-does-our-money-go/src/data/api.ts","all":false,"statementMap":{"0":{"start":{"line":1,"column":0},"end":{"line":1,"column":74}},"1":{"start":{"line":2,"column":0},"end":{"line":2,"column":9}},"2":{"start":{"line":3,"column":0},"end":{"line":3,"column":22}},"3":{"start":{"line":4,"column":0},"end":{"line":4,"column":20}},"4":{"start":{"line":5,"column":0},"end":{"line":5,"column":24}},"5":{"start":{"line":6,"column":0},"end":{"line":6,"column":32}},"6":{"start":{"line":7,"column":0},"end":{"line":7,"column":94}},"7":{"start":{"line":8,"column":0},"end":{"line":8,"column":0}},"8":{"start":{"line":9,"column":0},"end":{"line":9,"column":74}},"9":{"start":{"line":10,"column":0},"end":{"line":10,"column":63}},"10":{"start":{"line":11,"column":0},"end":{"line":11,"column":7}},"11":{"start":{"line":12,"column":0},"end":{"line":12,"column":70}},"12":{"start":{"line":13,"column":0},"end":{"line":13,"column":49}},"13":{"start":{"line":14,"column":0},"end":{"line":14,"column":70}},"14":{"start":{"line":15,"column":0},"end":{"line":15,"column":21}},"15":{"start":{"line":16,"column":0},"end":{"line":16,"column":19}},"16":{"start":{"line":17,"column":0},"end":{"line":17,"column":54}},"17":{"start":{"line":18,"column":0},"end":{"line":18,"column":48}},"18":{"start":{"line":19,"column":0},"end":{"line":19,"column":25}},"19":{"start":{"line":20,"column":0},"end":{"line":20,"column":3}},"20":{"start":{"line":21,"column":0},"end":{"line":21,"column":2}},"21":{"start":{"line":22,"column":0},"end":{"line":22,"column":0}},"22":{"start":{"line":23,"column":0},"end":{"line":23,"column":61}},"23":{"start":{"line":24,"column":0},"end":{"line":24,"column":7}},"24":{"start":{"line":25,"column":0},"end":{"line":25,"column":59}},"25":{"start":{"line":26,"column":0},"end":{"line":26,"column":45}},"26":{"start":{"line":27,"column":0},"end":{"line":27,"column":81}},"27":{"start":{"line":28,"column":0},"end":{"line":28,"column":19}},"28":{"start":{"line":29,"column":0},"end":{"line":29,"column":19}},"29":{"start":{"line":30,"column":0},"end":{"line":30,"column":53}},"30":{"start":{"line":31,"column":0},"end":{"line":31,"column":48}},"31":{"start":{"line":32,"column":0},"end":{"line":32,"column":23}},"32":{"start":{"line":33,"column":0},"end":{"line":33,"column":3}},"33":{"start":{"line":34,"column":0},"end":{"line":34,"column":2}},"34":{"start":{"line":35,"column":0},"end":{"line":35,"column":0}},"35":{"start":{"line":36,"column":0},"end":{"line":36,"column":71}},"36":{"start":{"line":37,"column":0},"end":{"line":37,"column":7}},"37":{"start":{"line":38,"column":0},"end":{"line":38,"column":71}},"38":{"start":{"line":39,"column":0},"end":{"line":39,"column":55}},"39":{"start":{"line":40,"column":0},"end":{"line":40,"column":91}},"40":{"start":{"line":41,"column":0},"end":{"line":41,"column":24}},"41":{"start":{"line":42,"column":0},"end":{"line":42,"column":19}},"42":{"start":{"line":43,"column":0},"end":{"line":43,"column":58}},"43":{"start":{"line":44,"column":0},"end":{"line":44,"column":48}},"44":{"start":{"line":45,"column":0},"end":{"line":45,"column":28}},"45":{"start":{"line":46,"column":0},"end":{"line":46,"column":3}},"46":{"start":{"line":47,"column":0},"end":{"line":47,"column":2}},"47":{"start":{"line":48,"column":0},"end":{"line":48,"column":0}},"48":{"start":{"line":49,"column":0},"end":{"line":49,"column":75}},"49":{"start":{"line":50,"column":0},"end":{"line":50,"column":7}},"50":{"start":{"line":51,"column":0},"end":{"line":51,"column":74}},"51":{"start":{"line":52,"column":0},"end":{"line":52,"column":55}},"52":{"start":{"line":53,"column":0},"end":{"line":53,"column":21}},"53":{"start":{"line":54,"column":0},"end":{"line":54,"column":26}},"54":{"start":{"line":55,"column":0},"end":{"line":55,"column":7}},"55":{"start":{"line":56,"column":0},"end":{"line":56,"column":4}},"56":{"start":{"line":57,"column":0},"end":{"line":57,"column":47}},"57":{"start":{"line":58,"column":0},"end":{"line":58,"column":104}},"58":{"start":{"line":59,"column":0},"end":{"line":59,"column":14}},"59":{"start":{"line":60,"column":0},"end":{"line":60,"column":37}},"60":{"start":{"line":61,"column":0},"end":{"line":61,"column":23}},"61":{"start":{"line":62,"column":0},"end":{"line":62,"column":21}},"62":{"start":{"line":63,"column":0},"end":{"line":63,"column":32}},"63":{"start":{"line":64,"column":0},"end":{"line":64,"column":8}},"64":{"start":{"line":65,"column":0},"end":{"line":65,"column":7}},"65":{"start":{"line":66,"column":0},"end":{"line":66,"column":0}},"66":{"start":{"line":67,"column":0},"end":{"line":67,"column":95}},"67":{"start":{"line":68,"column":0},"end":{"line":68,"column":26}},"68":{"start":{"line":69,"column":0},"end":{"line":69,"column":19}},"69":{"start":{"line":70,"column":0},"end":{"line":70,"column":60}},"70":{"start":{"line":71,"column":0},"end":{"line":71,"column":48}},"71":{"start":{"line":72,"column":0},"end":{"line":72,"column":30}},"72":{"start":{"line":73,"column":0},"end":{"line":73,"column":3}},"73":{"start":{"line":74,"column":0},"end":{"line":74,"column":2}},"74":{"start":{"line":75,"column":0},"end":{"line":75,"column":0}},"75":{"start":{"line":76,"column":0},"end":{"line":76,"column":37}},"76":{"start":{"line":77,"column":0},"end":{"line":77,"column":85}},"77":{"start":{"line":78,"column":0},"end":{"line":78,"column":41}},"78":{"start":{"line":79,"column":0},"end":{"line":79,"column":22}},"79":{"start":{"line":80,"column":0},"end":{"line":80,"column":23}},"80":{"start":{"line":81,"column":0},"end":{"line":81,"column":29}},"81":{"start":{"line":82,"column":0},"end":{"line":82,"column":29}},"82":{"start":{"line":83,"column":0},"end":{"line":83,"column":20}},"83":{"start":{"line":84,"column":0},"end":{"line":84,"column":2}},"84":{"start":{"line":85,"column":0},"end":{"line":85,"column":0}},"85":{"start":{"line":86,"column":0},"end":{"line":86,"column":39}},"86":{"start":{"line":87,"column":0},"end":{"line":87,"column":60}},"87":{"start":{"line":88,"column":0},"end":{"line":88,"column":41}},"88":{"start":{"line":89,"column":0},"end":{"line":89,"column":21}},"89":{"start":{"line":90,"column":0},"end":{"line":90,"column":29}},"90":{"start":{"line":91,"column":0},"end":{"line":91,"column":29}},"91":{"start":{"line":92,"column":0},"end":{"line":92,"column":25}},"92":{"start":{"line":93,"column":0},"end":{"line":93,"column":2}},"93":{"start":{"line":94,"column":0},"end":{"line":94,"column":0}},"94":{"start":{"line":95,"column":0},"end":{"line":95,"column":42}},"95":{"start":{"line":96,"column":0},"end":{"line":96,"column":56}},"96":{"start":{"line":97,"column":0},"end":{"line":97,"column":22}},"97":{"start":{"line":98,"column":0},"end":{"line":98,"column":43}},"98":{"start":{"line":99,"column":0},"end":{"line":99,"column":28}},"99":{"start":{"line":100,"column":0},"end":{"line":100,"column":42}},"100":{"start":{"line":101,"column":0},"end":{"line":101,"column":28}},"101":{"start":{"line":102,"column":0},"end":{"line":102,"column":42}},"102":{"start":{"line":103,"column":0},"end":{"line":103,"column":28}},"103":{"start":{"line":104,"column":0},"end":{"line":104,"column":42}},"104":{"start":{"line":105,"column":0},"end":{"line":105,"column":3}},"105":{"start":{"line":106,"column":0},"end":{"line":106,"column":32}},"106":{"start":{"line":107,"column":0},"end":{"line":107,"column":2}}},"s":{"0":1,"1":1,"2":1,"3":1,"4":1,"5":1,"6":1,"7":1,"8":1,"9":1,"10":3,"11":3,"12":3,"13":0,"14":0,"15":3,"16":3,"17":3,"18":3,"19":3,"20":3,"21":1,"22":1,"23":6,"24":6,"25":6,"26":0,"27":0,"28":6,"29":6,"30":6,"31":6,"32":6,"33":6,"34":1,"35":1,"36":6,"37":6,"38":6,"39":0,"40":0,"41":6,"42":6,"43":6,"44":6,"45":6,"46":6,"47":1,"48":1,"49":3,"50":3,"51":3,"52":3,"53":3,"54":3,"55":3,"56":3,"57":3,"58":3,"59":3,"60":3,"61":3,"62":3,"63":3,"64":3,"65":3,"66":3,"67":3,"68":3,"69":0,"70":0,"71":0,"72":0,"73":3,"74":1,"75":1,"76":1,"77":8,"78":8,"79":8,"80":8,"81":8,"82":8,"83":8,"84":1,"85":1,"86":1,"87":6,"88":6,"89":6,"90":6,"91":6,"92":6,"93":1,"94":1,"95":1,"96":12,"97":1,"98":12,"99":2,"100":11,"101":2,"102":9,"103":2,"104":2,"105":5,"106":5},"branchMap":{"0":{"type":"branch","line":10,"loc":{"start":{"line":10,"column":30},"end":{"line":21,"column":2}},"locations":[{"start":{"line":10,"column":30},"end":{"line":21,"column":2}}]},"1":{"type":"branch","line":13,"loc":{"start":{"line":13,"column":47},"end":{"line":16,"column":11}},"locations":[{"start":{"line":13,"column":47},"end":{"line":16,"column":11}}]},"2":{"type":"branch","line":23,"loc":{"start":{"line":23,"column":28},"end":{"line":34,"column":2}},"locations":[{"start":{"line":23,"column":28},"end":{"line":34,"column":2}}]},"3":{"type":"branch","line":26,"loc":{"start":{"line":26,"column":43},"end":{"line":29,"column":11}},"locations":[{"start":{"line":26,"column":43},"end":{"line":29,"column":11}}]},"4":{"type":"branch","line":36,"loc":{"start":{"line":36,"column":33},"end":{"line":47,"column":2}},"locations":[{"start":{"line":36,"column":33},"end":{"line":47,"column":2}}]},"5":{"type":"branch","line":39,"loc":{"start":{"line":39,"column":53},"end":{"line":42,"column":11}},"locations":[{"start":{"line":39,"column":53},"end":{"line":42,"column":11}}]},"6":{"type":"branch","line":49,"loc":{"start":{"line":49,"column":35},"end":{"line":74,"column":2}},"locations":[{"start":{"line":49,"column":35},"end":{"line":74,"column":2}}]},"7":{"type":"branch","line":69,"loc":{"start":{"line":69,"column":2},"end":{"line":73,"column":3}},"locations":[{"start":{"line":69,"column":2},"end":{"line":73,"column":3}}]},"8":{"type":"branch","line":57,"loc":{"start":{"line":57,"column":39},"end":{"line":65,"column":5}},"locations":[{"start":{"line":57,"column":39},"end":{"line":65,"column":5}}]},"9":{"type":"branch","line":58,"loc":{"start":{"line":58,"column":41},"end":{"line":58,"column":102}},"locations":[{"start":{"line":58,"column":41},"end":{"line":58,"column":102}}]},"10":{"type":"branch","line":77,"loc":{"start":{"line":77,"column":30},"end":{"line":84,"column":2}},"locations":[{"start":{"line":77,"column":30},"end":{"line":84,"column":2}}]},"11":{"type":"branch","line":87,"loc":{"start":{"line":87,"column":32},"end":{"line":93,"column":2}},"locations":[{"start":{"line":87,"column":32},"end":{"line":93,"column":2}}]},"12":{"type":"branch","line":96,"loc":{"start":{"line":96,"column":28},"end":{"line":107,"column":2}},"locations":[{"start":{"line":96,"column":28},"end":{"line":107,"column":2}}]},"13":{"type":"branch","line":97,"loc":{"start":{"line":97,"column":21},"end":{"line":99,"column":13}},"locations":[{"start":{"line":97,"column":21},"end":{"line":99,"column":13}}]},"14":{"type":"branch","line":99,"loc":{"start":{"line":99,"column":2},"end":{"line":105,"column":3}},"locations":[{"start":{"line":99,"column":2},"end":{"line":105,"column":3}}]},"15":{"type":"branch","line":99,"loc":{"start":{"line":99,"column":27},"end":{"line":101,"column":13}},"locations":[{"start":{"line":99,"column":27},"end":{"line":101,"column":13}}]},"16":{"type":"branch","line":101,"loc":{"start":{"line":101,"column":2},"end":{"line":105,"column":3}},"locations":[{"start":{"line":101,"column":2},"end":{"line":105,"column":3}}]},"17":{"type":"branch","line":101,"loc":{"start":{"line":101,"column":27},"end":{"line":103,"column":13}},"locations":[{"start":{"line":101,"column":27},"end":{"line":103,"column":13}}]},"18":{"type":"branch","line":103,"loc":{"start":{"line":103,"column":2},"end":{"line":105,"column":3}},"locations":[{"start":{"line":103,"column":2},"end":{"line":105,"column":3}}]},"19":{"type":"branch","line":103,"loc":{"start":{"line":103,"column":27},"end":{"line":105,"column":3}},"locations":[{"start":{"line":103,"column":27},"end":{"line":105,"column":3}}]},"20":{"type":"branch","line":105,"loc":{"start":{"line":105,"column":2},"end":{"line":107,"column":2}},"locations":[{"start":{"line":105,"column":2},"end":{"line":107,"column":2}}]}},"b":{"0":[3],"1":[0],"2":[6],"3":[0],"4":[6],"5":[0],"6":[3],"7":[0],"8":[3],"9":[3],"10":[8],"11":[6],"12":[12],"13":[1],"14":[11],"15":[2],"16":[9],"17":[2],"18":[7],"19":[2],"20":[5]},"fnMap":{"0":{"name":"fetchCountries","decl":{"start":{"line":10,"column":30},"end":{"line":21,"column":2}},"loc":{"start":{"line":10,"column":30},"end":{"line":21,"column":2}},"line":10},"1":{"name":"fetchTaxData","decl":{"start":{"line":23,"column":28},"end":{"line":34,"column":2}},"loc":{"start":{"line":23,"column":28},"end":{"line":34,"column":2}},"line":23},"2":{"name":"fetchSpendingData","decl":{"start":{"line":36,"column":33},"end":{"line":47,"column":2}},"loc":{"start":{"line":36,"column":33},"end":{"line":47,"column":2}},"line":36},"3":{"name":"fetchHistoricalData","decl":{"start":{"line":49,"column":35},"end":{"line":74,"column":2}},"loc":{"start":{"line":49,"column":35},"end":{"line":74,"column":2}},"line":49},"4":{"name":"formatCurrency","decl":{"start":{"line":77,"column":30},"end":{"line":84,"column":2}},"loc":{"start":{"line":77,"column":30},"end":{"line":84,"column":2}},"line":77},"5":{"name":"formatPercentage","decl":{"start":{"line":87,"column":32},"end":{"line":93,"column":2}},"loc":{"start":{"line":87,"column":32},"end":{"line":93,"column":2}},"line":87},"6":{"name":"formatNumber","decl":{"start":{"line":96,"column":28},"end":{"line":107,"column":2}},"loc":{"start":{"line":96,"column":28},"end":{"line":107,"column":2}},"line":96}},"f":{"0":3,"1":6,"2":6,"3":3,"4":8,"5":6,"6":12}}
,"/data_drive/ai/where-does-our-money-go/src/hooks/useData.ts": {"path":"/data_drive/ai/where-does-our-money-go/src/hooks/useData.ts","all":false,"statementMap":{"0":{"start":{"line":1,"column":0},"end":{"line":1,"column":35}},"1":{"start":{"line":2,"column":0},"end":{"line":2,"column":70}},"2":{"start":{"line":3,"column":0},"end":{"line":3,"column":0}},"3":{"start":{"line":4,"column":0},"end":{"line":4,"column":47}},"4":{"start":{"line":5,"column":0},"end":{"line":5,"column":42}},"5":{"start":{"line":6,"column":0},"end":{"line":6,"column":30}},"6":{"start":{"line":7,"column":0},"end":{"line":7,"column":66}},"7":{"start":{"line":8,"column":0},"end":{"line":8,"column":3}},"8":{"start":{"line":9,"column":0},"end":{"line":9,"column":17}},"9":{"start":{"line":10,"column":0},"end":{"line":10,"column":2}}},"s":{"0":1,"1":1,"2":1,"3":1,"4":12,"5":12,"6":4,"7":4,"8":8,"9":8},"branchMap":{"0":{"type":"branch","line":4,"loc":{"start":{"line":4,"column":23},"end":{"line":10,"column":2}},"locations":[{"start":{"line":4,"column":23},"end":{"line":10,"column":2}}]},"1":{"type":"branch","line":6,"loc":{"start":{"line":6,"column":29},"end":{"line":8,"column":3}},"locations":[{"start":{"line":6,"column":29},"end":{"line":8,"column":3}}]},"2":{"type":"branch","line":8,"loc":{"start":{"line":8,"column":2},"end":{"line":10,"column":2}},"locations":[{"start":{"line":8,"column":2},"end":{"line":10,"column":2}}]}},"b":{"0":[12],"1":[4],"2":[8]},"fnMap":{"0":{"name":"useData","decl":{"start":{"line":4,"column":23},"end":{"line":10,"column":2}},"loc":{"start":{"line":4,"column":23},"end":{"line":10,"column":2}},"line":4}},"f":{"0":12}}
,"/data_drive/ai/where-does-our-money-go/src/services/apiService.ts": {"path":"/data_drive/ai/where-does-our-money-go/src/services/apiService.ts","all":false,"statementMap":{"0":{"start":{"line":1,"column":0},"end":{"line":1,"column":58}},"1":{"start":{"line":2,"column":0},"end":{"line":2,"column":0}},"2":{"start":{"line":3,"column":0},"end":{"line":3,"column":20}},"3":{"start":{"line":4,"column":0},"end":{"line":4,"column":20}},"4":{"start":{"line":5,"column":0},"end":{"line":5,"column":49}},"5":{"start":{"line":6,"column":0},"end":{"line":6,"column":54}},"6":{"start":{"line":7,"column":0},"end":{"line":7,"column":65}},"7":{"start":{"line":8,"column":0},"end":{"line":8,"column":31}},"8":{"start":{"line":9,"column":0},"end":{"line":9,"column":2}},"9":{"start":{"line":10,"column":0},"end":{"line":10,"column":0}},"10":{"start":{"line":11,"column":0},"end":{"line":11,"column":21}},"11":{"start":{"line":12,"column":0},"end":{"line":12,"column":24}},"12":{"start":{"line":13,"column":0},"end":{"line":13,"column":26}},"13":{"start":{"line":14,"column":0},"end":{"line":14,"column":44}},"14":{"start":{"line":15,"column":0},"end":{"line":15,"column":46}},"15":{"start":{"line":16,"column":0},"end":{"line":16,"column":14}},"16":{"start":{"line":17,"column":0},"end":{"line":17,"column":28}},"17":{"start":{"line":18,"column":0},"end":{"line":18,"column":2}},"18":{"start":{"line":19,"column":0},"end":{"line":19,"column":0}},"19":{"start":{"line":20,"column":0},"end":{"line":20,"column":27}},"20":{"start":{"line":21,"column":0},"end":{"line":21,"column":30}},"21":{"start":{"line":22,"column":0},"end":{"line":22,"column":26}},"22":{"start":{"line":23,"column":0},"end":{"line":23,"column":36}},"23":{"start":{"line":24,"column":0},"end":{"line":24,"column":40}},"24":{"start":{"line":25,"column":0},"end":{"line":25,"column":47}},"25":{"start":{"line":26,"column":0},"end":{"line":26,"column":55}},"26":{"start":{"line":27,"column":0},"end":{"line":27,"column":2}},"27":{"start":{"line":28,"column":0},"end":{"line":28,"column":0}},"28":{"start":{"line":29,"column":0},"end":{"line":29,"column":26}},"29":{"start":{"line":30,"column":0},"end":{"line":30,"column":10}},"30":{"start":{"line":31,"column":0},"end":{"line":31,"column":19}},"31":{"start":{"line":32,"column":0},"end":{"line":32,"column":17}},"32":{"start":{"line":33,"column":0},"end":{"line":33,"column":1}},"33":{"start":{"line":34,"column":0},"end":{"line":34,"column":0}},"34":{"start":{"line":35,"column":0},"end":{"line":35,"column":31}},"35":{"start":{"line":36,"column":0},"end":{"line":36,"column":23}},"36":{"start":{"line":37,"column":0},"end":{"line":37,"column":22}},"37":{"start":{"line":38,"column":0},"end":{"line":38,"column":15}},"38":{"start":{"line":39,"column":0},"end":{"line":39,"column":26}},"39":{"start":{"line":40,"column":0},"end":{"line":40,"column":26}},"40":{"start":{"line":41,"column":0},"end":{"line":41,"column":28}},"41":{"start":{"line":42,"column":0},"end":{"line":42,"column":23}},"42":{"start":{"line":43,"column":0},"end":{"line":43,"column":22}},"43":{"start":{"line":44,"column":0},"end":{"line":44,"column":25}},"44":{"start":{"line":45,"column":0},"end":{"line":45,"column":21}},"45":{"start":{"line":46,"column":0},"end":{"line":46,"column":1}},"46":{"start":{"line":47,"column":0},"end":{"line":47,"column":0}},"47":{"start":{"line":48,"column":0},"end":{"line":48,"column":28}},"48":{"start":{"line":49,"column":0},"end":{"line":49,"column":22}},"49":{"start":{"line":50,"column":0},"end":{"line":50,"column":15}},"50":{"start":{"line":51,"column":0},"end":{"line":51,"column":24}},"51":{"start":{"line":52,"column":0},"end":{"line":52,"column":24}},"52":{"start":{"line":53,"column":0},"end":{"line":53,"column":17}},"53":{"start":{"line":54,"column":0},"end":{"line":54,"column":20}},"54":{"start":{"line":55,"column":0},"end":{"line":55,"column":18}},"55":{"start":{"line":56,"column":0},"end":{"line":56,"column":27}},"56":{"start":{"line":57,"column":0},"end":{"line":57,"column":32}},"57":{"start":{"line":58,"column":0},"end":{"line":58,"column":26}},"58":{"start":{"line":59,"column":0},"end":{"line":59,"column":34}},"59":{"start":{"line":60,"column":0},"end":{"line":60,"column":18}},"60":{"start":{"line":61,"column":0},"end":{"line":61,"column":21}},"61":{"start":{"line":62,"column":0},"end":{"line":62,"column":22}},"62":{"start":{"line":63,"column":0},"end":{"line":63,"column":1}},"63":{"start":{"line":64,"column":0},"end":{"line":64,"column":0}},"64":{"start":{"line":65,"column":0},"end":{"line":65,"column":27}},"65":{"start":{"line":66,"column":0},"end":{"line":66,"column":15}},"66":{"start":{"line":67,"column":0},"end":{"line":67,"column":15}},"67":{"start":{"line":68,"column":0},"end":{"line":68,"column":21}},"68":{"start":{"line":69,"column":0},"end":{"line":69,"column":14}},"69":{"start":{"line":70,"column":0},"end":{"line":70,"column":20}},"70":{"start":{"line":71,"column":0},"end":{"line":71,"column":1}},"71":{"start":{"line":72,"column":0},"end":{"line":72,"column":0}},"72":{"start":{"line":73,"column":0},"end":{"line":73,"column":37}},"73":{"start":{"line":74,"column":0},"end":{"line":74,"column":29}},"74":{"start":{"line":75,"column":0},"end":{"line":75,"column":23}},"75":{"start":{"line":76,"column":0},"end":{"line":76,"column":15}},"76":{"start":{"line":77,"column":0},"end":{"line":77,"column":25}},"77":{"start":{"line":78,"column":0},"end":{"line":78,"column":1}},"78":{"start":{"line":79,"column":0},"end":{"line":79,"column":0}},"79":{"start":{"line":80,"column":0},"end":{"line":80,"column":29}},"80":{"start":{"line":81,"column":0},"end":{"line":81,"column":39}},"81":{"start":{"line":82,"column":0},"end":{"line":82,"column":65}},"82":{"start":{"line":83,"column":0},"end":{"line":83,"column":1}},"83":{"start":{"line":84,"column":0},"end":{"line":84,"column":0}},"84":{"start":{"line":85,"column":0},"end":{"line":85,"column":29}},"85":{"start":{"line":86,"column":0},"end":{"line":86,"column":23}},"86":{"start":{"line":87,"column":0},"end":{"line":87,"column":16}},"87":{"start":{"line":88,"column":0},"end":{"line":88,"column":25}},"88":{"start":{"line":89,"column":0},"end":{"line":89,"column":1}},"89":{"start":{"line":90,"column":0},"end":{"line":90,"column":0}},"90":{"start":{"line":91,"column":0},"end":{"line":91,"column":49}},"91":{"start":{"line":92,"column":0},"end":{"line":92,"column":140}},"92":{"start":{"line":93,"column":0},"end":{"line":93,"column":7}},"93":{"start":{"line":94,"column":0},"end":{"line":94,"column":45}},"94":{"start":{"line":95,"column":0},"end":{"line":95,"column":79}},"95":{"start":{"line":96,"column":0},"end":{"line":96,"column":0}},"96":{"start":{"line":97,"column":0},"end":{"line":97,"column":39}},"97":{"start":{"line":98,"column":0},"end":{"line":98,"column":17}},"98":{"start":{"line":99,"column":0},"end":{"line":99,"column":32}},"99":{"start":{"line":100,"column":0},"end":{"line":100,"column":16}},"100":{"start":{"line":101,"column":0},"end":{"line":101,"column":43}},"101":{"start":{"line":102,"column":0},"end":{"line":102,"column":27}},"102":{"start":{"line":103,"column":0},"end":{"line":103,"column":8}},"103":{"start":{"line":104,"column":0},"end":{"line":104,"column":7}},"104":{"start":{"line":105,"column":0},"end":{"line":105,"column":0}},"105":{"start":{"line":106,"column":0},"end":{"line":106,"column":28}},"106":{"start":{"line":107,"column":0},"end":{"line":107,"column":0}},"107":{"start":{"line":108,"column":0},"end":{"line":108,"column":23}},"108":{"start":{"line":109,"column":0},"end":{"line":109,"column":73}},"109":{"start":{"line":110,"column":0},"end":{"line":110,"column":5}},"110":{"start":{"line":111,"column":0},"end":{"line":111,"column":0}},"111":{"start":{"line":112,"column":0},"end":{"line":112,"column":39}},"112":{"start":{"line":113,"column":0},"end":{"line":113,"column":35}},"113":{"start":{"line":114,"column":0},"end":{"line":114,"column":19}},"114":{"start":{"line":115,"column":0},"end":{"line":115,"column":48}},"115":{"start":{"line":116,"column":0},"end":{"line":116,"column":12}},"116":{"start":{"line":117,"column":0},"end":{"line":117,"column":22}},"117":{"start":{"line":118,"column":0},"end":{"line":118,"column":21}},"118":{"start":{"line":119,"column":0},"end":{"line":119,"column":70}},"119":{"start":{"line":120,"column":0},"end":{"line":120,"column":6}},"120":{"start":{"line":121,"column":0},"end":{"line":121,"column":3}},"121":{"start":{"line":122,"column":0},"end":{"line":122,"column":1}},"122":{"start":{"line":123,"column":0},"end":{"line":123,"column":0}},"123":{"start":{"line":124,"column":0},"end":{"line":124,"column":21}},"124":{"start":{"line":125,"column":0},"end":{"line":125,"column":65}},"125":{"start":{"line":126,"column":0},"end":{"line":126,"column":80}},"126":{"start":{"line":127,"column":0},"end":{"line":127,"column":54}},"127":{"start":{"line":128,"column":0},"end":{"line":128,"column":2}},"128":{"start":{"line":129,"column":0},"end":{"line":129,"column":26}},"129":{"start":{"line":130,"column":0},"end":{"line":130,"column":72}},"130":{"start":{"line":131,"column":0},"end":{"line":131,"column":3}},"131":{"start":{"line":132,"column":0},"end":{"line":132,"column":0}},"132":{"start":{"line":133,"column":0},"end":{"line":133,"column":52}},"133":{"start":{"line":134,"column":0},"end":{"line":134,"column":34}},"134":{"start":{"line":135,"column":0},"end":{"line":135,"column":30}},"135":{"start":{"line":136,"column":0},"end":{"line":136,"column":59}},"136":{"start":{"line":137,"column":0},"end":{"line":137,"column":59}},"137":{"start":{"line":138,"column":0},"end":{"line":138,"column":63}},"138":{"start":{"line":139,"column":0},"end":{"line":139,"column":53}},"139":{"start":{"line":140,"column":0},"end":{"line":140,"column":51}},"140":{"start":{"line":141,"column":0},"end":{"line":141,"column":57}},"141":{"start":{"line":142,"column":0},"end":{"line":142,"column":49}},"142":{"start":{"line":143,"column":0},"end":{"line":143,"column":6}},"143":{"start":{"line":144,"column":0},"end":{"line":144,"column":2}},"144":{"start":{"line":145,"column":0},"end":{"line":145,"column":0}},"145":{"start":{"line":146,"column":0},"end":{"line":146,"column":75}},"146":{"start":{"line":147,"column":0},"end":{"line":147,"column":81}},"147":{"start":{"line":148,"column":0},"end":{"line":148,"column":59}},"148":{"start":{"line":149,"column":0},"end":{"line":149,"column":2}},"149":{"start":{"line":150,"column":0},"end":{"line":150,"column":26}},"150":{"start":{"line":151,"column":0},"end":{"line":151,"column":77}},"151":{"start":{"line":152,"column":0},"end":{"line":152,"column":3}},"152":{"start":{"line":153,"column":0},"end":{"line":153,"column":0}},"153":{"start":{"line":154,"column":0},"end":{"line":154,"column":57}},"154":{"start":{"line":155,"column":0},"end":{"line":155,"column":34}},"155":{"start":{"line":156,"column":0},"end":{"line":156,"column":30}},"156":{"start":{"line":157,"column":0},"end":{"line":157,"column":55}},"157":{"start":{"line":158,"column":0},"end":{"line":158,"column":55}},"158":{"start":{"line":159,"column":0},"end":{"line":159,"column":41}},"159":{"start":{"line":160,"column":0},"end":{"line":160,"column":47}},"160":{"start":{"line":161,"column":0},"end":{"line":161,"column":43}},"161":{"start":{"line":162,"column":0},"end":{"line":162,"column":61}},"162":{"start":{"line":163,"column":0},"end":{"line":163,"column":71}},"163":{"start":{"line":164,"column":0},"end":{"line":164,"column":59}},"164":{"start":{"line":165,"column":0},"end":{"line":165,"column":75}},"165":{"start":{"line":166,"column":0},"end":{"line":166,"column":43}},"166":{"start":{"line":167,"column":0},"end":{"line":167,"column":49}},"167":{"start":{"line":168,"column":0},"end":{"line":168,"column":51}},"168":{"start":{"line":169,"column":0},"end":{"line":169,"column":6}},"169":{"start":{"line":170,"column":0},"end":{"line":170,"column":2}},"170":{"start":{"line":171,"column":0},"end":{"line":171,"column":0}},"171":{"start":{"line":172,"column":0},"end":{"line":172,"column":67}},"172":{"start":{"line":173,"column":0},"end":{"line":173,"column":71}},"173":{"start":{"line":174,"column":0},"end":{"line":174,"column":58}},"174":{"start":{"line":175,"column":0},"end":{"line":175,"column":2}},"175":{"start":{"line":176,"column":0},"end":{"line":176,"column":26}},"176":{"start":{"line":177,"column":0},"end":{"line":177,"column":73}},"177":{"start":{"line":178,"column":0},"end":{"line":178,"column":3}},"178":{"start":{"line":179,"column":0},"end":{"line":179,"column":0}},"179":{"start":{"line":180,"column":0},"end":{"line":180,"column":56}},"180":{"start":{"line":181,"column":0},"end":{"line":181,"column":20}},"181":{"start":{"line":182,"column":0},"end":{"line":182,"column":20}},"182":{"start":{"line":183,"column":0},"end":{"line":183,"column":47}},"183":{"start":{"line":184,"column":0},"end":{"line":184,"column":35}},"184":{"start":{"line":185,"column":0},"end":{"line":185,"column":37}},"185":{"start":{"line":186,"column":0},"end":{"line":186,"column":6}},"186":{"start":{"line":187,"column":0},"end":{"line":187,"column":2}},"187":{"start":{"line":188,"column":0},"end":{"line":188,"column":0}},"188":{"start":{"line":189,"column":0},"end":{"line":189,"column":27}},"189":{"start":{"line":190,"column":0},"end":{"line":190,"column":96}},"190":{"start":{"line":191,"column":0},"end":{"line":191,"column":117}},"191":{"start":{"line":192,"column":0},"end":{"line":192,"column":58}},"192":{"start":{"line":193,"column":0},"end":{"line":193,"column":2}},"193":{"start":{"line":194,"column":0},"end":{"line":194,"column":74}},"194":{"start":{"line":195,"column":0},"end":{"line":195,"column":13}},"195":{"start":{"line":196,"column":0},"end":{"line":196,"column":3}},"196":{"start":{"line":197,"column":0},"end":{"line":197,"column":0}},"197":{"start":{"line":198,"column":0},"end":{"line":198,"column":91}},"198":{"start":{"line":199,"column":0},"end":{"line":199,"column":66}},"199":{"start":{"line":200,"column":0},"end":{"line":200,"column":2}},"200":{"start":{"line":201,"column":0},"end":{"line":201,"column":0}},"201":{"start":{"line":202,"column":0},"end":{"line":202,"column":103}},"202":{"start":{"line":203,"column":0},"end":{"line":203,"column":124}},"203":{"start":{"line":204,"column":0},"end":{"line":204,"column":58}},"204":{"start":{"line":205,"column":0},"end":{"line":205,"column":2}},"205":{"start":{"line":206,"column":0},"end":{"line":206,"column":74}},"206":{"start":{"line":207,"column":0},"end":{"line":207,"column":13}},"207":{"start":{"line":208,"column":0},"end":{"line":208,"column":3}},"208":{"start":{"line":209,"column":0},"end":{"line":209,"column":0}},"209":{"start":{"line":210,"column":0},"end":{"line":210,"column":98}},"210":{"start":{"line":211,"column":0},"end":{"line":211,"column":85}},"211":{"start":{"line":212,"column":0},"end":{"line":212,"column":2}},"212":{"start":{"line":213,"column":0},"end":{"line":213,"column":0}},"213":{"start":{"line":214,"column":0},"end":{"line":214,"column":20}},"214":{"start":{"line":215,"column":0},"end":{"line":215,"column":97}},"215":{"start":{"line":216,"column":0},"end":{"line":216,"column":85}},"216":{"start":{"line":217,"column":0},"end":{"line":217,"column":52}},"217":{"start":{"line":218,"column":0},"end":{"line":218,"column":2}},"218":{"start":{"line":219,"column":0},"end":{"line":219,"column":44}},"219":{"start":{"line":220,"column":0},"end":{"line":220,"column":13}},"220":{"start":{"line":221,"column":0},"end":{"line":221,"column":3}},"221":{"start":{"line":222,"column":0},"end":{"line":222,"column":0}},"222":{"start":{"line":223,"column":0},"end":{"line":223,"column":46}},"223":{"start":{"line":224,"column":0},"end":{"line":224,"column":2}},"224":{"start":{"line":225,"column":0},"end":{"line":225,"column":0}},"225":{"start":{"line":226,"column":0},"end":{"line":226,"column":25}},"226":{"start":{"line":227,"column":0},"end":{"line":227,"column":67}},"227":{"start":{"line":228,"column":0},"end":{"line":228,"column":7}},"228":{"start":{"line":229,"column":0},"end":{"line":229,"column":45}},"229":{"start":{"line":230,"column":0},"end":{"line":230,"column":53}},"230":{"start":{"line":231,"column":0},"end":{"line":231,"column":35}},"231":{"start":{"line":232,"column":0},"end":{"line":232,"column":27}},"232":{"start":{"line":233,"column":0},"end":{"line":233,"column":5}},"233":{"start":{"line":234,"column":0},"end":{"line":234,"column":0}},"234":{"start":{"line":235,"column":0},"end":{"line":235,"column":54}},"235":{"start":{"line":236,"column":0},"end":{"line":236,"column":98}},"236":{"start":{"line":237,"column":0},"end":{"line":237,"column":36}},"237":{"start":{"line":238,"column":0},"end":{"line":238,"column":0}},"238":{"start":{"line":239,"column":0},"end":{"line":239,"column":40}},"239":{"start":{"line":240,"column":0},"end":{"line":240,"column":68}},"240":{"start":{"line":241,"column":0},"end":{"line":241,"column":54}},"241":{"start":{"line":242,"column":0},"end":{"line":242,"column":6}},"242":{"start":{"line":243,"column":0},"end":{"line":243,"column":38}},"243":{"start":{"line":244,"column":0},"end":{"line":244,"column":24}},"244":{"start":{"line":245,"column":0},"end":{"line":245,"column":15}},"245":{"start":{"line":246,"column":0},"end":{"line":246,"column":37}},"246":{"start":{"line":247,"column":0},"end":{"line":247,"column":21}},"247":{"start":{"line":248,"column":0},"end":{"line":248,"column":14}},"248":{"start":{"line":249,"column":0},"end":{"line":249,"column":45}},"249":{"start":{"line":250,"column":0},"end":{"line":250,"column":11}},"250":{"start":{"line":251,"column":0},"end":{"line":251,"column":7}},"251":{"start":{"line":252,"column":0},"end":{"line":252,"column":5}},"252":{"start":{"line":253,"column":0},"end":{"line":253,"column":0}},"253":{"start":{"line":254,"column":0},"end":{"line":254,"column":21}},"254":{"start":{"line":255,"column":0},"end":{"line":255,"column":19}},"255":{"start":{"line":256,"column":0},"end":{"line":256,"column":54}},"256":{"start":{"line":257,"column":0},"end":{"line":257,"column":16}},"257":{"start":{"line":258,"column":0},"end":{"line":258,"column":3}},"258":{"start":{"line":259,"column":0},"end":{"line":259,"column":2}},"259":{"start":{"line":260,"column":0},"end":{"line":260,"column":0}},"260":{"start":{"line":261,"column":0},"end":{"line":261,"column":65}},"261":{"start":{"line":262,"column":0},"end":{"line":262,"column":7}},"262":{"start":{"line":263,"column":0},"end":{"line":263,"column":49}},"263":{"start":{"line":264,"column":0},"end":{"line":264,"column":33}},"264":{"start":{"line":265,"column":0},"end":{"line":265,"column":25}},"265":{"start":{"line":266,"column":0},"end":{"line":266,"column":5}},"266":{"start":{"line":267,"column":0},"end":{"line":267,"column":0}},"267":{"start":{"line":268,"column":0},"end":{"line":268,"column":56}},"268":{"start":{"line":269,"column":0},"end":{"line":269,"column":49}},"269":{"start":{"line":270,"column":0},"end":{"line":270,"column":34}},"270":{"start":{"line":271,"column":0},"end":{"line":271,"column":0}},"271":{"start":{"line":272,"column":0},"end":{"line":272,"column":38}},"272":{"start":{"line":273,"column":0},"end":{"line":273,"column":70}},"273":{"start":{"line":274,"column":0},"end":{"line":274,"column":6}},"274":{"start":{"line":275,"column":0},"end":{"line":275,"column":27}},"275":{"start":{"line":276,"column":0},"end":{"line":276,"column":22}},"276":{"start":{"line":277,"column":0},"end":{"line":277,"column":36}},"277":{"start":{"line":278,"column":0},"end":{"line":278,"column":21}},"278":{"start":{"line":279,"column":0},"end":{"line":279,"column":38}},"279":{"start":{"line":280,"column":0},"end":{"line":280,"column":60}},"280":{"start":{"line":281,"column":0},"end":{"line":281,"column":58}},"281":{"start":{"line":282,"column":0},"end":{"line":282,"column":53}},"282":{"start":{"line":283,"column":0},"end":{"line":283,"column":53}},"283":{"start":{"line":284,"column":0},"end":{"line":284,"column":55}},"284":{"start":{"line":285,"column":0},"end":{"line":285,"column":52}},"285":{"start":{"line":286,"column":0},"end":{"line":286,"column":11}},"286":{"start":{"line":287,"column":0},"end":{"line":287,"column":7}},"287":{"start":{"line":288,"column":0},"end":{"line":288,"column":5}},"288":{"start":{"line":289,"column":0},"end":{"line":289,"column":0}},"289":{"start":{"line":290,"column":0},"end":{"line":290,"column":19}},"290":{"start":{"line":291,"column":0},"end":{"line":291,"column":19}},"291":{"start":{"line":292,"column":0},"end":{"line":292,"column":53}},"292":{"start":{"line":293,"column":0},"end":{"line":293,"column":16}},"293":{"start":{"line":294,"column":0},"end":{"line":294,"column":3}},"294":{"start":{"line":295,"column":0},"end":{"line":295,"column":2}},"295":{"start":{"line":296,"column":0},"end":{"line":296,"column":0}},"296":{"start":{"line":297,"column":0},"end":{"line":297,"column":75}},"297":{"start":{"line":298,"column":0},"end":{"line":298,"column":7}},"298":{"start":{"line":299,"column":0},"end":{"line":299,"column":59}},"299":{"start":{"line":300,"column":0},"end":{"line":300,"column":38}},"300":{"start":{"line":301,"column":0},"end":{"line":301,"column":30}},"301":{"start":{"line":302,"column":0},"end":{"line":302,"column":5}},"302":{"start":{"line":303,"column":0},"end":{"line":303,"column":0}},"303":{"start":{"line":304,"column":0},"end":{"line":304,"column":53}},"304":{"start":{"line":305,"column":0},"end":{"line":305,"column":49}},"305":{"start":{"line":306,"column":0},"end":{"line":306,"column":44}},"306":{"start":{"line":307,"column":0},"end":{"line":307,"column":0}},"307":{"start":{"line":308,"column":0},"end":{"line":308,"column":38}},"308":{"start":{"line":309,"column":0},"end":{"line":309,"column":106}},"309":{"start":{"line":310,"column":0},"end":{"line":310,"column":6}},"310":{"start":{"line":311,"column":0},"end":{"line":311,"column":35}},"311":{"start":{"line":312,"column":0},"end":{"line":312,"column":27}},"312":{"start":{"line":313,"column":0},"end":{"line":313,"column":36}},"313":{"start":{"line":314,"column":0},"end":{"line":314,"column":21}},"314":{"start":{"line":315,"column":0},"end":{"line":315,"column":44}},"315":{"start":{"line":316,"column":0},"end":{"line":316,"column":40}},"316":{"start":{"line":317,"column":0},"end":{"line":317,"column":32}},"317":{"start":{"line":318,"column":0},"end":{"line":318,"column":35}},"318":{"start":{"line":319,"column":0},"end":{"line":319,"column":33}},"319":{"start":{"line":320,"column":0},"end":{"line":320,"column":42}},"320":{"start":{"line":321,"column":0},"end":{"line":321,"column":47}},"321":{"start":{"line":322,"column":0},"end":{"line":322,"column":41}},"322":{"start":{"line":323,"column":0},"end":{"line":323,"column":49}},"323":{"start":{"line":324,"column":0},"end":{"line":324,"column":33}},"324":{"start":{"line":325,"column":0},"end":{"line":325,"column":36}},"325":{"start":{"line":326,"column":0},"end":{"line":326,"column":37}},"326":{"start":{"line":327,"column":0},"end":{"line":327,"column":11}},"327":{"start":{"line":328,"column":0},"end":{"line":328,"column":7}},"328":{"start":{"line":329,"column":0},"end":{"line":329,"column":5}},"329":{"start":{"line":330,"column":0},"end":{"line":330,"column":0}},"330":{"start":{"line":331,"column":0},"end":{"line":331,"column":24}},"331":{"start":{"line":332,"column":0},"end":{"line":332,"column":19}},"332":{"start":{"line":333,"column":0},"end":{"line":333,"column":58}},"333":{"start":{"line":334,"column":0},"end":{"line":334,"column":16}},"334":{"start":{"line":335,"column":0},"end":{"line":335,"column":3}},"335":{"start":{"line":336,"column":0},"end":{"line":336,"column":2}},"336":{"start":{"line":337,"column":0},"end":{"line":337,"column":0}},"337":{"start":{"line":338,"column":0},"end":{"line":338,"column":19}},"338":{"start":{"line":339,"column":0},"end":{"line":339,"column":47}},"339":{"start":{"line":340,"column":0},"end":{"line":340,"column":48}},"340":{"start":{"line":341,"column":0},"end":{"line":341,"column":25}},"341":{"start":{"line":342,"column":0},"end":{"line":342,"column":26}},"342":{"start":{"line":343,"column":0},"end":{"line":343,"column":19}},"343":{"start":{"line":344,"column":0},"end":{"line":344,"column":18}},"344":{"start":{"line":345,"column":0},"end":{"line":345,"column":17}},"345":{"start":{"line":346,"column":0},"end":{"line":346,"column":18}},"346":{"start":{"line":347,"column":0},"end":{"line":347,"column":21}},"347":{"start":{"line":348,"column":0},"end":{"line":348,"column":17}},"348":{"start":{"line":349,"column":0},"end":{"line":349,"column":17}},"349":{"start":{"line":350,"column":0},"end":{"line":350,"column":23}},"350":{"start":{"line":351,"column":0},"end":{"line":351,"column":4}},"351":{"start":{"line":352,"column":0},"end":{"line":352,"column":36}},"352":{"start":{"line":353,"column":0},"end":{"line":353,"column":1}},"353":{"start":{"line":354,"column":0},"end":{"line":354,"column":0}},"354":{"start":{"line":355,"column":0},"end":{"line":355,"column":51}},"355":{"start":{"line":356,"column":0},"end":{"line":356,"column":46}},"356":{"start":{"line":357,"column":0},"end":{"line":357,"column":15}},"357":{"start":{"line":358,"column":0},"end":{"line":358,"column":15}},"358":{"start":{"line":359,"column":0},"end":{"line":359,"column":15}},"359":{"start":{"line":360,"column":0},"end":{"line":360,"column":15}},"360":{"start":{"line":361,"column":0},"end":{"line":361,"column":15}},"361":{"start":{"line":362,"column":0},"end":{"line":362,"column":15}},"362":{"start":{"line":363,"column":0},"end":{"line":363,"column":15}},"363":{"start":{"line":364,"column":0},"end":{"line":364,"column":15}},"364":{"start":{"line":365,"column":0},"end":{"line":365,"column":15}},"365":{"start":{"line":366,"column":0},"end":{"line":366,"column":15}},"366":{"start":{"line":367,"column":0},"end":{"line":367,"column":4}},"367":{"start":{"line":368,"column":0},"end":{"line":368,"column":35}},"368":{"start":{"line":369,"column":0},"end":{"line":369,"column":1}}},"s":{"0":1,"1":1,"2":1,"3":1,"4":1,"5":1,"6":1,"7":1,"8":1,"9":1,"10":1,"11":1,"12":1,"13":1,"14":1,"15":1,"16":1,"17":1,"18":1,"19":1,"20":1,"21":1,"22":1,"23":1,"24":1,"25":1,"26":1,"27":1,"28":1,"29":1,"30":1,"31":1,"32":1,"33":1,"34":1,"35":1,"36":1,"37":1,"38":1,"39":1,"40":1,"41":1,"42":1,"43":1,"44":1,"45":1,"46":1,"47":1,"48":1,"49":1,"50":1,"51":1,"52":1,"53":1,"54":1,"55":1,"56":1,"57":1,"58":1,"59":1,"60":1,"61":1,"62":1,"63":1,"64":1,"65":1,"66":1,"67":1,"68":1,"69":1,"70":1,"71":1,"72":1,"73":1,"74":1,"75":1,"76":1,"77":1,"78":1,"79":1,"80":1,"81":1,"82":1,"83":1,"84":1,"85":1,"86":1,"87":1,"88":1,"89":1,"90":1,"91":15,"92":15,"93":15,"94":15,"95":15,"96":15,"97":15,"98":15,"99":15,"100":15,"101":15,"102":15,"103":15,"104":15,"105":15,"106":15,"107":15,"108":15,"109":15,"110":0,"111":0,"112":0,"113":15,"114":15,"115":15,"116":15,"117":15,"118":15,"119":15,"120":15,"121":15,"122":1,"123":1,"124":1,"125":6,"126":6,"127":6,"128":6,"129":6,"130":6,"131":0,"132":0,"133":0,"134":0,"135":0,"136":0,"137":0,"138":0,"139":0,"140":0,"141":0,"142":0,"143":0,"144":1,"145":1,"146":6,"147":6,"148":6,"149":6,"150":6,"151":6,"152":0,"153":0,"154":0,"155":0,"156":0,"157":0,"158":0,"159":0,"160":0,"161":0,"162":0,"163":0,"164":0,"165":0,"166":0,"167":0,"168":0,"169":0,"170":1,"171":1,"172":3,"173":3,"174":3,"175":3,"176":3,"177":3,"178":0,"179":0,"180":0,"181":0,"182":0,"183":0,"184":0,"185":0,"186":0,"187":1,"188":1,"189":1,"190":0,"191":0,"192":0,"193":0,"194":0,"195":0,"196":0,"197":0,"198":0,"199":0,"200":1,"201":1,"202":0,"203":0,"204":0,"205":0,"206":0,"207":0,"208":0,"209":0,"210":0,"211":0,"212":1,"213":1,"214":1,"215":0,"216":0,"217":0,"218":0,"219":0,"220":0,"221":0,"222":0,"223":0,"224":1,"225":1,"226":1,"227":3,"228":3,"229":3,"230":0,"231":0,"232":0,"233":0,"234":0,"235":0,"236":0,"237":0,"238":0,"239":0,"240":0,"241":0,"242":0,"243":0,"244":0,"245":0,"246":0,"247":0,"248":0,"249":0,"250":0,"251":0,"252":0,"253":0,"254":3,"255":3,"256":3,"257":3,"258":3,"259":1,"260":1,"261":6,"262":6,"263":0,"264":0,"265":0,"266":0,"267":0,"268":0,"269":0,"270":0,"271":0,"272":0,"273":0,"274":0,"275":0,"276":0,"277":0,"278":0,"279":0,"280":0,"281":0,"282":0,"283":0,"284":0,"285":0,"286":0,"287":0,"288":0,"289":0,"290":6,"291":6,"292":6,"293":6,"294":6,"295":1,"296":1,"297":6,"298":6,"299":0,"300":0,"301":0,"302":0,"303":0,"304":0,"305":0,"306":0,"307":0,"308":0,"309":0,"310":0,"311":0,"312":0,"313":0,"314":0,"315":0,"316":0,"317":0,"318":0,"319":0,"320":0,"321":0,"322":0,"323":0,"324":0,"325":0,"326":0,"327":0,"328":0,"329":0,"330":0,"331":6,"332":6,"333":6,"334":6,"335":6,"336":1,"337":1,"338":0,"339":0,"340":0,"341":0,"342":0,"343":0,"344":0,"345":0,"346":0,"347":0,"348":0,"349":0,"350":0,"351":0,"352":0,"353":1,"354":0,"355":0,"356":0,"357":0,"358":0,"359":0,"360":0,"361":0,"362":0,"363":0,"364":0,"365":0,"366":0,"367":0,"368":0},"branchMap":{"0":{"type":"branch","line":92,"loc":{"start":{"line":92,"column":0},"end":{"line":122,"column":1}},"locations":[{"start":{"line":92,"column":0},"end":{"line":122,"column":1}}]},"1":{"type":"branch","line":110,"loc":{"start":{"line":110,"column":4},"end":{"line":114,"column":11}},"locations":[{"start":{"line":110,"column":4},"end":{"line":114,"column":11}}]},"2":{"type":"branch","line":119,"loc":{"start":{"line":119,"column":44},"end":{"line":119,"column":70}},"locations":[{"start":{"line":119,"column":44},"end":{"line":119,"column":70}}]},"3":{"type":"branch","line":125,"loc":{"start":{"line":125,"column":32},"end":{"line":144,"column":2}},"locations":[{"start":{"line":125,"column":32},"end":{"line":144,"column":2}}]},"4":{"type":"branch","line":131,"loc":{"start":{"line":131,"column":2},"end":{"line":144,"column":2}},"locations":[{"start":{"line":131,"column":2},"end":{"line":144,"column":2}}]},"5":{"type":"branch","line":146,"loc":{"start":{"line":146,"column":37},"end":{"line":170,"column":2}},"locations":[{"start":{"line":146,"column":37},"end":{"line":170,"column":2}}]},"6":{"type":"branch","line":152,"loc":{"start":{"line":152,"column":2},"end":{"line":170,"column":2}},"locations":[{"start":{"line":152,"column":2},"end":{"line":170,"column":2}}]},"7":{"type":"branch","line":172,"loc":{"start":{"line":172,"column":34},"end":{"line":187,"column":2}},"locations":[{"start":{"line":172,"column":34},"end":{"line":187,"column":2}}]},"8":{"type":"branch","line":178,"loc":{"start":{"line":178,"column":2},"end":{"line":187,"column":2}},"locations":[{"start":{"line":178,"column":2},"end":{"line":187,"column":2}}]},"9":{"type":"branch","line":227,"loc":{"start":{"line":227,"column":34},"end":{"line":259,"column":2}},"locations":[{"start":{"line":227,"column":34},"end":{"line":259,"column":2}}]},"10":{"type":"branch","line":230,"loc":{"start":{"line":230,"column":51},"end":{"line":255,"column":11}},"locations":[{"start":{"line":230,"column":51},"end":{"line":255,"column":11}}]},"11":{"type":"branch","line":261,"loc":{"start":{"line":261,"column":32},"end":{"line":295,"column":2}},"locations":[{"start":{"line":261,"column":32},"end":{"line":295,"column":2}}]},"12":{"type":"branch","line":263,"loc":{"start":{"line":263,"column":47},"end":{"line":291,"column":11}},"locations":[{"start":{"line":263,"column":47},"end":{"line":291,"column":11}}]},"13":{"type":"branch","line":297,"loc":{"start":{"line":297,"column":37},"end":{"line":336,"column":2}},"locations":[{"start":{"line":297,"column":37},"end":{"line":336,"column":2}}]},"14":{"type":"branch","line":299,"loc":{"start":{"line":299,"column":57},"end":{"line":332,"column":11}},"locations":[{"start":{"line":299,"column":57},"end":{"line":332,"column":11}}]}},"b":{"0":[15],"1":[0],"2":[0],"3":[6],"4":[0],"5":[6],"6":[0],"7":[3],"8":[0],"9":[3],"10":[0],"11":[6],"12":[0],"13":[6],"14":[0]},"fnMap":{"0":{"name":"fetchApi","decl":{"start":{"line":92,"column":0},"end":{"line":122,"column":1}},"loc":{"start":{"line":92,"column":0},"end":{"line":122,"column":1}},"line":92},"1":{"name":"fetchOECDTaxData","decl":{"start":{"line":125,"column":32},"end":{"line":144,"column":2}},"loc":{"start":{"line":125,"column":32},"end":{"line":144,"column":2}},"line":125},"2":{"name":"fetchOECDSpendingData","decl":{"start":{"line":146,"column":37},"end":{"line":170,"column":2}},"loc":{"start":{"line":146,"column":37},"end":{"line":170,"column":2}},"line":146},"3":{"name":"fetchOECDCountries","decl":{"start":{"line":172,"column":34},"end":{"line":187,"column":2}},"loc":{"start":{"line":172,"column":34},"end":{"line":187,"column":2}},"line":172},"4":{"name":"fetchWorldBankGDP","decl":{"start":{"line":190,"column":33},"end":{"line":200,"column":2}},"loc":{"start":{"line":190,"column":33},"end":{"line":200,"column":2}},"line":190},"5":{"name":"fetchWorldBankPopulation","decl":{"start":{"line":202,"column":40},"end":{"line":212,"column":2}},"loc":{"start":{"line":202,"column":40},"end":{"line":212,"column":2}},"line":202},"6":{"name":"fetchIMFTaxRevenue","decl":{"start":{"line":215,"column":34},"end":{"line":224,"column":2}},"loc":{"start":{"line":215,"column":34},"end":{"line":224,"column":2}},"line":215},"7":{"name":"fetchRealCountries","decl":{"start":{"line":227,"column":34},"end":{"line":259,"column":2}},"loc":{"start":{"line":227,"column":34},"end":{"line":259,"column":2}},"line":227},"8":{"name":"fetchRealTaxData","decl":{"start":{"line":261,"column":32},"end":{"line":295,"column":2}},"loc":{"start":{"line":261,"column":32},"end":{"line":295,"column":2}},"line":261},"9":{"name":"fetchRealSpendingData","decl":{"start":{"line":297,"column":37},"end":{"line":336,"column":2}},"loc":{"start":{"line":297,"column":37},"end":{"line":336,"column":2}},"line":297},"10":{"name":"getCountryName","decl":{"start":{"line":339,"column":0},"end":{"line":353,"column":1}},"loc":{"start":{"line":339,"column":0},"end":{"line":353,"column":1}},"line":339},"11":{"name":"getCountryCurrency","decl":{"start":{"line":355,"column":0},"end":{"line":369,"column":1}},"loc":{"start":{"line":355,"column":0},"end":{"line":369,"column":1}},"line":355}},"f":{"0":15,"1":6,"2":6,"3":3,"4":0,"5":0,"6":0,"7":3,"8":6,"9":6,"10":0,"11":0}}
,"/data_drive/ai/where-does-our-money-go/src/utils/dataValidation.ts": {"path":"/data_drive/ai/where-does-our-money-go/src/utils/dataValidation.ts","all":false,"statementMap":{"0":{"start":{"line":1,"column":0},"end":{"line":1,"column":58}},"1":{"start":{"line":2,"column":0},"end":{"line":2,"column":0}},"2":{"start":{"line":3,"column":0},"end":{"line":3,"column":35}},"3":{"start":{"line":4,"column":0},"end":{"line":4,"column":19}},"4":{"start":{"line":5,"column":0},"end":{"line":5,"column":19}},"5":{"start":{"line":6,"column":0},"end":{"line":6,"column":21}},"6":{"start":{"line":7,"column":0},"end":{"line":7,"column":1}},"7":{"start":{"line":8,"column":0},"end":{"line":8,"column":0}},"8":{"start":{"line":9,"column":0},"end":{"line":9,"column":80}},"9":{"start":{"line":10,"column":0},"end":{"line":10,"column":30}},"10":{"start":{"line":11,"column":0},"end":{"line":11,"column":32}},"11":{"start":{"line":12,"column":0},"end":{"line":12,"column":0}},"12":{"start":{"line":13,"column":0},"end":{"line":13,"column":30}},"13":{"start":{"line":14,"column":0},"end":{"line":14,"column":41}},"14":{"start":{"line":15,"column":0},"end":{"line":15,"column":41}},"15":{"start":{"line":16,"column":0},"end":{"line":16,"column":89}},"16":{"start":{"line":17,"column":0},"end":{"line":17,"column":5}},"17":{"start":{"line":18,"column":0},"end":{"line":18,"column":4}},"18":{"start":{"line":19,"column":0},"end":{"line":19,"column":34}},"19":{"start":{"line":20,"column":0},"end":{"line":20,"column":91}},"20":{"start":{"line":21,"column":0},"end":{"line":21,"column":5}},"21":{"start":{"line":22,"column":0},"end":{"line":22,"column":4}},"22":{"start":{"line":23,"column":0},"end":{"line":23,"column":27}},"23":{"start":{"line":24,"column":0},"end":{"line":24,"column":77}},"24":{"start":{"line":25,"column":0},"end":{"line":25,"column":5}},"25":{"start":{"line":26,"column":0},"end":{"line":26,"column":4}},"26":{"start":{"line":27,"column":0},"end":{"line":27,"column":28}},"27":{"start":{"line":28,"column":0},"end":{"line":28,"column":79}},"28":{"start":{"line":29,"column":0},"end":{"line":29,"column":5}},"29":{"start":{"line":30,"column":0},"end":{"line":30,"column":5}},"30":{"start":{"line":31,"column":0},"end":{"line":31,"column":0}},"31":{"start":{"line":32,"column":0},"end":{"line":32,"column":38}},"32":{"start":{"line":33,"column":0},"end":{"line":33,"column":43}},"33":{"start":{"line":34,"column":0},"end":{"line":34,"column":37}},"34":{"start":{"line":35,"column":0},"end":{"line":35,"column":42}},"35":{"start":{"line":36,"column":0},"end":{"line":36,"column":49}},"36":{"start":{"line":37,"column":0},"end":{"line":37,"column":3}},"37":{"start":{"line":38,"column":0},"end":{"line":38,"column":0}},"38":{"start":{"line":39,"column":0},"end":{"line":39,"column":10}},"39":{"start":{"line":40,"column":0},"end":{"line":40,"column":33}},"40":{"start":{"line":41,"column":0},"end":{"line":41,"column":11}},"41":{"start":{"line":42,"column":0},"end":{"line":42,"column":12}},"42":{"start":{"line":43,"column":0},"end":{"line":43,"column":4}},"43":{"start":{"line":44,"column":0},"end":{"line":44,"column":2}},"44":{"start":{"line":45,"column":0},"end":{"line":45,"column":0}},"45":{"start":{"line":46,"column":0},"end":{"line":46,"column":96}},"46":{"start":{"line":47,"column":0},"end":{"line":47,"column":30}},"47":{"start":{"line":48,"column":0},"end":{"line":48,"column":32}},"48":{"start":{"line":49,"column":0},"end":{"line":49,"column":59}},"49":{"start":{"line":50,"column":0},"end":{"line":50,"column":0}},"50":{"start":{"line":51,"column":0},"end":{"line":51,"column":36}},"51":{"start":{"line":52,"column":0},"end":{"line":52,"column":30}},"52":{"start":{"line":53,"column":0},"end":{"line":53,"column":46}},"53":{"start":{"line":54,"column":0},"end":{"line":54,"column":101}},"54":{"start":{"line":55,"column":0},"end":{"line":55,"column":5}},"55":{"start":{"line":56,"column":0},"end":{"line":56,"column":0}},"56":{"start":{"line":57,"column":0},"end":{"line":57,"column":32}},"57":{"start":{"line":58,"column":0},"end":{"line":58,"column":42}},"58":{"start":{"line":59,"column":0},"end":{"line":59,"column":75}},"59":{"start":{"line":60,"column":0},"end":{"line":60,"column":5}},"60":{"start":{"line":61,"column":0},"end":{"line":61,"column":0}},"61":{"start":{"line":62,"column":0},"end":{"line":62,"column":27}},"62":{"start":{"line":63,"column":0},"end":{"line":63,"column":85}},"63":{"start":{"line":64,"column":0},"end":{"line":64,"column":58}},"64":{"start":{"line":65,"column":0},"end":{"line":65,"column":4}},"65":{"start":{"line":66,"column":0},"end":{"line":66,"column":56}},"66":{"start":{"line":67,"column":0},"end":{"line":67,"column":166}},"67":{"start":{"line":68,"column":0},"end":{"line":68,"column":5}},"68":{"start":{"line":69,"column":0},"end":{"line":69,"column":0}},"69":{"start":{"line":70,"column":0},"end":{"line":70,"column":34}},"70":{"start":{"line":71,"column":0},"end":{"line":71,"column":64}},"71":{"start":{"line":72,"column":0},"end":{"line":72,"column":134}},"72":{"start":{"line":73,"column":0},"end":{"line":73,"column":5}},"73":{"start":{"line":74,"column":0},"end":{"line":74,"column":0}},"74":{"start":{"line":75,"column":0},"end":{"line":75,"column":68}},"75":{"start":{"line":76,"column":0},"end":{"line":76,"column":130}},"76":{"start":{"line":77,"column":0},"end":{"line":77,"column":5}},"77":{"start":{"line":78,"column":0},"end":{"line":78,"column":0}},"78":{"start":{"line":79,"column":0},"end":{"line":79,"column":58}},"79":{"start":{"line":80,"column":0},"end":{"line":80,"column":119}},"80":{"start":{"line":81,"column":0},"end":{"line":81,"column":5}},"81":{"start":{"line":82,"column":0},"end":{"line":82,"column":5}},"82":{"start":{"line":83,"column":0},"end":{"line":83,"column":0}},"83":{"start":{"line":84,"column":0},"end":{"line":84,"column":10}},"84":{"start":{"line":85,"column":0},"end":{"line":85,"column":33}},"85":{"start":{"line":86,"column":0},"end":{"line":86,"column":11}},"86":{"start":{"line":87,"column":0},"end":{"line":87,"column":12}},"87":{"start":{"line":88,"column":0},"end":{"line":88,"column":4}},"88":{"start":{"line":89,"column":0},"end":{"line":89,"column":2}},"89":{"start":{"line":90,"column":0},"end":{"line":90,"column":0}},"90":{"start":{"line":91,"column":0},"end":{"line":91,"column":111}},"91":{"start":{"line":92,"column":0},"end":{"line":92,"column":30}},"92":{"start":{"line":93,"column":0},"end":{"line":93,"column":32}},"93":{"start":{"line":94,"column":0},"end":{"line":94,"column":59}},"94":{"start":{"line":95,"column":0},"end":{"line":95,"column":0}},"95":{"start":{"line":96,"column":0},"end":{"line":96,"column":41}},"96":{"start":{"line":97,"column":0},"end":{"line":97,"column":30}},"97":{"start":{"line":98,"column":0},"end":{"line":98,"column":46}},"98":{"start":{"line":99,"column":0},"end":{"line":99,"column":106}},"99":{"start":{"line":100,"column":0},"end":{"line":100,"column":5}},"100":{"start":{"line":101,"column":0},"end":{"line":101,"column":0}},"101":{"start":{"line":102,"column":0},"end":{"line":102,"column":32}},"102":{"start":{"line":103,"column":0},"end":{"line":103,"column":42}},"103":{"start":{"line":104,"column":0},"end":{"line":104,"column":80}},"104":{"start":{"line":105,"column":0},"end":{"line":105,"column":5}},"105":{"start":{"line":106,"column":0},"end":{"line":106,"column":0}},"106":{"start":{"line":107,"column":0},"end":{"line":107,"column":27}},"107":{"start":{"line":108,"column":0},"end":{"line":108,"column":95}},"108":{"start":{"line":109,"column":0},"end":{"line":109,"column":107}},"109":{"start":{"line":110,"column":0},"end":{"line":110,"column":75}},"110":{"start":{"line":111,"column":0},"end":{"line":111,"column":4}},"111":{"start":{"line":112,"column":0},"end":{"line":112,"column":59}},"112":{"start":{"line":113,"column":0},"end":{"line":113,"column":176}},"113":{"start":{"line":114,"column":0},"end":{"line":114,"column":5}},"114":{"start":{"line":115,"column":0},"end":{"line":115,"column":0}},"115":{"start":{"line":116,"column":0},"end":{"line":116,"column":34}},"116":{"start":{"line":117,"column":0},"end":{"line":117,"column":61}},"117":{"start":{"line":118,"column":0},"end":{"line":118,"column":141}},"118":{"start":{"line":119,"column":0},"end":{"line":119,"column":5}},"119":{"start":{"line":120,"column":0},"end":{"line":120,"column":0}},"120":{"start":{"line":121,"column":0},"end":{"line":121,"column":46}},"121":{"start":{"line":122,"column":0},"end":{"line":122,"column":115}},"122":{"start":{"line":123,"column":0},"end":{"line":123,"column":5}},"123":{"start":{"line":124,"column":0},"end":{"line":124,"column":0}},"124":{"start":{"line":125,"column":0},"end":{"line":125,"column":52}},"125":{"start":{"line":126,"column":0},"end":{"line":126,"column":121}},"126":{"start":{"line":127,"column":0},"end":{"line":127,"column":5}},"127":{"start":{"line":128,"column":0},"end":{"line":128,"column":0}},"128":{"start":{"line":129,"column":0},"end":{"line":129,"column":48}},"129":{"start":{"line":130,"column":0},"end":{"line":130,"column":117}},"130":{"start":{"line":131,"column":0},"end":{"line":131,"column":5}},"131":{"start":{"line":132,"column":0},"end":{"line":132,"column":5}},"132":{"start":{"line":133,"column":0},"end":{"line":133,"column":0}},"133":{"start":{"line":134,"column":0},"end":{"line":134,"column":10}},"134":{"start":{"line":135,"column":0},"end":{"line":135,"column":33}},"135":{"start":{"line":136,"column":0},"end":{"line":136,"column":11}},"136":{"start":{"line":137,"column":0},"end":{"line":137,"column":12}},"137":{"start":{"line":138,"column":0},"end":{"line":138,"column":4}},"138":{"start":{"line":139,"column":0},"end":{"line":139,"column":2}},"139":{"start":{"line":140,"column":0},"end":{"line":140,"column":0}},"140":{"start":{"line":141,"column":0},"end":{"line":141,"column":32}},"141":{"start":{"line":142,"column":0},"end":{"line":142,"column":24}},"142":{"start":{"line":143,"column":0},"end":{"line":143,"column":22}},"143":{"start":{"line":144,"column":0},"end":{"line":144,"column":30}},"144":{"start":{"line":145,"column":0},"end":{"line":145,"column":24}},"145":{"start":{"line":146,"column":0},"end":{"line":146,"column":59}},"146":{"start":{"line":147,"column":0},"end":{"line":147,"column":60}},"147":{"start":{"line":148,"column":0},"end":{"line":148,"column":75}},"148":{"start":{"line":149,"column":0},"end":{"line":149,"column":0}},"149":{"start":{"line":150,"column":0},"end":{"line":150,"column":21}},"150":{"start":{"line":151,"column":0},"end":{"line":151,"column":32}},"151":{"start":{"line":152,"column":0},"end":{"line":152,"column":28}},"152":{"start":{"line":153,"column":0},"end":{"line":153,"column":32}},"153":{"start":{"line":154,"column":0},"end":{"line":154,"column":4}},"154":{"start":{"line":155,"column":0},"end":{"line":155,"column":0}},"155":{"start":{"line":156,"column":0},"end":{"line":156,"column":23}},"156":{"start":{"line":157,"column":0},"end":{"line":157,"column":34}},"157":{"start":{"line":158,"column":0},"end":{"line":158,"column":30}},"158":{"start":{"line":159,"column":0},"end":{"line":159,"column":34}},"159":{"start":{"line":160,"column":0},"end":{"line":160,"column":4}},"160":{"start":{"line":161,"column":0},"end":{"line":161,"column":0}},"161":{"start":{"line":162,"column":0},"end":{"line":162,"column":10}},"162":{"start":{"line":163,"column":0},"end":{"line":163,"column":36}},"163":{"start":{"line":164,"column":0},"end":{"line":164,"column":22}},"164":{"start":{"line":165,"column":0},"end":{"line":165,"column":25}},"165":{"start":{"line":166,"column":0},"end":{"line":166,"column":4}},"166":{"start":{"line":167,"column":0},"end":{"line":167,"column":2}}},"s":{"0":1,"1":1,"2":1,"3":1,"4":1,"5":1,"6":1,"7":1,"8":1,"9":6,"10":6,"11":6,"12":6,"13":6,"14":1,"15":0,"16":0,"17":1,"18":1,"19":0,"20":0,"21":1,"22":1,"23":0,"24":0,"25":1,"26":1,"27":0,"28":0,"29":6,"30":6,"31":6,"32":6,"33":6,"34":6,"35":0,"36":0,"37":6,"38":6,"39":6,"40":6,"41":6,"42":6,"43":6,"44":1,"45":1,"46":6,"47":6,"48":6,"49":6,"50":6,"51":1,"52":1,"53":0,"54":0,"55":1,"56":1,"57":1,"58":0,"59":0,"60":1,"61":1,"62":1,"63":1,"64":1,"65":1,"66":1,"67":1,"68":1,"69":1,"70":1,"71":0,"72":0,"73":1,"74":1,"75":1,"76":1,"77":1,"78":1,"79":1,"80":1,"81":6,"82":6,"83":6,"84":6,"85":6,"86":6,"87":6,"88":6,"89":1,"90":1,"91":6,"92":6,"93":6,"94":6,"95":6,"96":0,"97":0,"98":0,"99":0,"100":0,"101":0,"102":0,"103":0,"104":0,"105":0,"106":0,"107":0,"108":0,"109":0,"110":0,"111":0,"112":0,"113":0,"114":0,"115":0,"116":0,"117":0,"118":0,"119":0,"120":0,"121":0,"122":0,"123":0,"124":0,"125":0,"126":0,"127":0,"128":0,"129":0,"130":0,"131":6,"132":6,"133":6,"134":6,"135":6,"136":6,"137":6,"138":6,"139":1,"140":1,"141":6,"142":6,"143":6,"144":6,"145":6,"146":6,"147":6,"148":6,"149":6,"150":6,"151":6,"152":6,"153":6,"154":6,"155":6,"156":6,"157":6,"158":6,"159":6,"160":6,"161":6,"162":6,"163":6,"164":6,"165":6,"166":6},"branchMap":{"0":{"type":"branch","line":9,"loc":{"start":{"line":9,"column":35},"end":{"line":44,"column":2}},"locations":[{"start":{"line":9,"column":35},"end":{"line":44,"column":2}}]},"1":{"type":"branch","line":35,"loc":{"start":{"line":35,"column":41},"end":{"line":37,"column":3}},"locations":[{"start":{"line":35,"column":41},"end":{"line":37,"column":3}}]},"2":{"type":"branch","line":14,"loc":{"start":{"line":14,"column":20},"end":{"line":30,"column":3}},"locations":[{"start":{"line":14,"column":20},"end":{"line":30,"column":3}}]},"3":{"type":"branch","line":15,"loc":{"start":{"line":15,"column":40},"end":{"line":17,"column":5}},"locations":[{"start":{"line":15,"column":40},"end":{"line":17,"column":5}}]},"4":{"type":"branch","line":19,"loc":{"start":{"line":19,"column":33},"end":{"line":21,"column":5}},"locations":[{"start":{"line":19,"column":33},"end":{"line":21,"column":5}}]},"5":{"type":"branch","line":23,"loc":{"start":{"line":23,"column":26},"end":{"line":25,"column":5}},"locations":[{"start":{"line":23,"column":26},"end":{"line":25,"column":5}}]},"6":{"type":"branch","line":27,"loc":{"start":{"line":27,"column":27},"end":{"line":29,"column":5}},"locations":[{"start":{"line":27,"column":27},"end":{"line":29,"column":5}}]},"7":{"type":"branch","line":33,"loc":{"start":{"line":33,"column":30},"end":{"line":33,"column":41}},"locations":[{"start":{"line":33,"column":30},"end":{"line":33,"column":41}}]},"8":{"type":"branch","line":46,"loc":{"start":{"line":46,"column":31},"end":{"line":89,"column":2}},"locations":[{"start":{"line":46,"column":31},"end":{"line":89,"column":2}}]},"9":{"type":"branch","line":49,"loc":{"start":{"line":49,"column":45},"end":{"line":49,"column":56}},"locations":[{"start":{"line":49,"column":45},"end":{"line":49,"column":56}}]},"10":{"type":"branch","line":51,"loc":{"start":{"line":51,"column":18},"end":{"line":82,"column":3}},"locations":[{"start":{"line":51,"column":18},"end":{"line":82,"column":3}}]},"11":{"type":"branch","line":53,"loc":{"start":{"line":53,"column":45},"end":{"line":55,"column":5}},"locations":[{"start":{"line":53,"column":45},"end":{"line":55,"column":5}}]},"12":{"type":"branch","line":58,"loc":{"start":{"line":58,"column":41},"end":{"line":60,"column":5}},"locations":[{"start":{"line":58,"column":41},"end":{"line":60,"column":5}}]},"13":{"type":"branch","line":71,"loc":{"start":{"line":71,"column":63},"end":{"line":73,"column":5}},"locations":[{"start":{"line":71,"column":63},"end":{"line":73,"column":5}}]},"14":{"type":"branch","line":91,"loc":{"start":{"line":91,"column":36},"end":{"line":139,"column":2}},"locations":[{"start":{"line":91,"column":36},"end":{"line":139,"column":2}}]},"15":{"type":"branch","line":94,"loc":{"start":{"line":94,"column":45},"end":{"line":94,"column":56}},"locations":[{"start":{"line":94,"column":45},"end":{"line":94,"column":56}}]},"16":{"type":"branch","line":141,"loc":{"start":{"line":141,"column":31},"end":{"line":167,"column":2}},"locations":[{"start":{"line":141,"column":31},"end":{"line":167,"column":2}}]}},"b":{"0":[6],"1":[0],"2":[1],"3":[0],"4":[0],"5":[0],"6":[0],"7":[1],"8":[6],"9":[1],"10":[1],"11":[0],"12":[0],"13":[0],"14":[6],"15":[1],"16":[6]},"fnMap":{"0":{"name":"validateCountryData","decl":{"start":{"line":9,"column":35},"end":{"line":44,"column":2}},"loc":{"start":{"line":9,"column":35},"end":{"line":44,"column":2}},"line":9},"1":{"name":"validateTaxData","decl":{"start":{"line":46,"column":31},"end":{"line":89,"column":2}},"loc":{"start":{"line":46,"column":31},"end":{"line":89,"column":2}},"line":46},"2":{"name":"validateSpendingData","decl":{"start":{"line":91,"column":36},"end":{"line":139,"column":2}},"loc":{"start":{"line":91,"column":36},"end":{"line":139,"column":2}},"line":91},"3":{"name":"validateAllData","decl":{"start":{"line":141,"column":31},"end":{"line":167,"column":2}},"loc":{"start":{"line":141,"column":31},"end":{"line":167,"column":2}},"line":141}},"f":{"0":6,"1":6,"2":6,"3":6}}
}
